<?xml version="1.0" encoding="UTF-8"?>
<!-- Generated by org.testng.reporters.JUnitReportReporter -->
<testsuite hostname="AKSHI-PC" name="com.guru.testing.page.SecurityQuestionsPageTest" tests="5" failures="0" timestamp="16 Jun 2017 04:51:34 GMT" time="36.237" errors="0">
  <testcase name="validateSecurityQuestionsPageTest" time="11.198" classname="com.guru.testing.page.SecurityQuestionsPageTest"/>
  <testcase name="validateSecurityQuestionsPageTest" time="5.102" classname="com.guru.testing.page.SecurityQuestionsPageTest"/>
  <testcase name="validateSecurityQuestionsPageTest" time="5.110" classname="com.guru.testing.page.SecurityQuestionsPageTest"/>
  <testcase name="validateSecurityQuestionsPageTest" time="9.712" classname="com.guru.testing.page.SecurityQuestionsPageTest"/>
  <testcase name="validateSecurityQuestionsPageTest" time="5.115" classname="com.guru.testing.page.SecurityQuestionsPageTest"/>
</testsuite> <!-- com.guru.testing.page.SecurityQuestionsPageTest -->
