<?xml version="1.0" encoding="UTF-8"?>
<!-- Generated by org.testng.reporters.JUnitReportReporter -->
<testsuite hostname="AKSHI-PC" name="com.guru.testing.page.PostAJobPageTest" tests="10" failures="0" timestamp="16 Jun 2017 04:51:34 GMT" time="40.320" errors="0">
  <testcase name="enterRandomJobTitleTest" time="0.292" classname="com.guru.testing.page.PostAJobPageTest"/>
  <testcase name="clickWebCategoryTest" time="0.119" classname="com.guru.testing.page.PostAJobPageTest"/>
  <testcase name="enterCountryNameTest" time="5.346" classname="com.guru.testing.page.PostAJobPageTest"/>
  <testcase name="verifyPostAJobPageTest" time="0.936" classname="com.guru.testing.page.PostAJobPageTest"/>
  <testcase name="enterJobDescriptionTest" time="6.536" classname="com.guru.testing.page.PostAJobPageTest"/>
  <testcase name="selectFixedPriceBudgetTest" time="0.163" classname="com.guru.testing.page.PostAJobPageTest"/>
  <testcase name="clickFeatureMyJobTest" time="0.062" classname="com.guru.testing.page.PostAJobPageTest"/>
  <testcase name="clickPostJobButtonTest" time="15.749" classname="com.guru.testing.page.PostAJobPageTest"/>
  <testcase name="clickCountryRadioButtonTest" time="0.099" classname="com.guru.testing.page.PostAJobPageTest"/>
  <testcase name="enterKeywordsTest" time="11.018" classname="com.guru.testing.page.PostAJobPageTest"/>
</testsuite> <!-- com.guru.testing.page.PostAJobPageTest -->
