<?xml version="1.0" encoding="UTF-8"?>
<!-- Generated by org.testng.reporters.JUnitReportReporter -->
<testsuite hostname="AKSHI-PC" name="com.guru.testing.page.TestBuyingBids" tests="9" failures="0" timestamp="1 Jun 2017 07:41:13 GMT" time="60.454" errors="0">
  <testcase name="phoneTest" time="10.249" classname="com.guru.testing.page.TestBuyingBids"/>
  <testcase name="verifyBidsAddedTest" time="3.532" classname="com.guru.testing.page.TestBuyingBids"/>
  <testcase name="makePaymentTest" time="6.600" classname="com.guru.testing.page.TestBuyingBids"/>
  <testcase name="verifyCAEntryTest" time="2.241" classname="com.guru.testing.page.TestBuyingBids"/>
  <testcase name="loginTest" time="5.176" classname="com.guru.testing.page.TestBuyingBids"/>
  <testcase name="buyBidsTest" time="8.631" classname="com.guru.testing.page.TestBuyingBids"/>
  <testcase name="securityTest" time="9.600" classname="com.guru.testing.page.TestBuyingBids"/>
  <testcase name="dashboardTest" time="3.615" classname="com.guru.testing.page.TestBuyingBids"/>
  <testcase name="removePaymentTest" time="10.810" classname="com.guru.testing.page.TestBuyingBids"/>
</testsuite> <!-- com.guru.testing.page.TestBuyingBids -->
