<?xml version="1.0" encoding="UTF-8"?>
<!-- Generated by org.testng.reporters.JUnitReportReporter -->
<testsuite hostname="AKSHI-PC" name="com.guru.testing.page.WorkroomPageTest" tests="17" failures="0" timestamp="16 Jun 2017 04:51:34 GMT" time="47.926" errors="0">
  <testcase name="clickSelectFilesTest" time="0.080" classname="com.guru.testing.page.WorkroomPageTest"/>
  <testcase name="verifyFLWorkroomPageTest" time="0.214" classname="com.guru.testing.page.WorkroomPageTest"/>
  <testcase name="verifyEMPStatusUpdatesTabTest" time="5.226" classname="com.guru.testing.page.WorkroomPageTest"/>
  <testcase name="clickFileFoldersEMPTest" time="3.065" classname="com.guru.testing.page.WorkroomPageTest"/>
  <testcase name="verifyFileAddedPublicFFTest" time="0.089" classname="com.guru.testing.page.WorkroomPageTest"/>
  <testcase name="clickAddFilesFFTest" time="0.405" classname="com.guru.testing.page.WorkroomPageTest"/>
  <testcase name="verifyFileFoldersTest" time="0.844" classname="com.guru.testing.page.WorkroomPageTest"/>
  <testcase name="verifyFileAddedPublicFFTest" time="0.987" classname="com.guru.testing.page.WorkroomPageTest"/>
  <testcase name="verifyFLStatusUpdatesTabTest" time="2.884" classname="com.guru.testing.page.WorkroomPageTest"/>
  <testcase name="clickFileFoldersFLTest" time="2.670" classname="com.guru.testing.page.WorkroomPageTest"/>
  <testcase name="verifyOutstandingInvAmountTest" time="0.001" classname="com.guru.testing.page.WorkroomPageTest"/>
  <testcase name="clickFirstMileSendInvTest" time="0.065" classname="com.guru.testing.page.WorkroomPageTest"/>
  <testcase name="uploadFileTest" time="17.701" classname="com.guru.testing.page.WorkroomPageTest"/>
  <testcase name="getOutstandingInvAmountTest" time="0.030" classname="com.guru.testing.page.WorkroomPageTest"/>
  <testcase name="clickEmployerTabTest" time="2.683" classname="com.guru.testing.page.WorkroomPageTest"/>
  <testcase name="verifyEMPWorkroomPageTest" time="0.786" classname="com.guru.testing.page.WorkroomPageTest"/>
  <testcase name="clickFinishedTest" time="10.196" classname="com.guru.testing.page.WorkroomPageTest"/>
</testsuite> <!-- com.guru.testing.page.WorkroomPageTest -->
