<?xml version="1.0" encoding="UTF-8"?>
<!-- Generated by org.testng.reporters.JUnitReportReporter -->
<testsuite hostname="AKSHI-PC" name="com.guru.testing.page.PayNowPageTest" tests="5" failures="0" timestamp="16 Jun 2017 04:51:34 GMT" time="11.386" errors="0">
  <testcase name="clickToPayTest" time="0.105" classname="com.guru.testing.page.PayNowPageTest"/>
  <testcase name="verifyPaymentMethodTest" time="0.197" classname="com.guru.testing.page.PayNowPageTest"/>
  <testcase name="verifyJobPostedTest" time="9.961" classname="com.guru.testing.page.PayNowPageTest"/>
  <testcase name="selectAgreeToPayCheckboxTest" time="0.091" classname="com.guru.testing.page.PayNowPageTest"/>
  <testcase name="verifyPayForFeaturingJobTest" time="1.032" classname="com.guru.testing.page.PayNowPageTest"/>
</testsuite> <!-- com.guru.testing.page.PayNowPageTest -->
