<?xml version="1.0" encoding="UTF-8"?>
<!-- Generated by org.testng.reporters.JUnitReportReporter -->
<testsuite hostname="AKSHI-PC" name="com.guru.testing.page.PhoneVerificationPageTest" tests="10" failures="0" timestamp="16 Jun 2017 04:51:34 GMT" time="51.218" errors="0">
  <testcase name="verifySkipThisForNowLinkTest" time="5.108" classname="com.guru.testing.page.PhoneVerificationPageTest"/>
  <testcase name="verifySkipThisForNowLinkTest" time="5.119" classname="com.guru.testing.page.PhoneVerificationPageTest"/>
  <testcase name="verifyPhoneVerificationPageTest" time="5.123" classname="com.guru.testing.page.PhoneVerificationPageTest"/>
  <testcase name="verifyPhoneVerificationPageTest" time="5.159" classname="com.guru.testing.page.PhoneVerificationPageTest"/>
  <testcase name="verifySkipThisForNowLinkTest" time="5.102" classname="com.guru.testing.page.PhoneVerificationPageTest"/>
  <testcase name="verifySkipThisForNowLinkTest" time="5.135" classname="com.guru.testing.page.PhoneVerificationPageTest"/>
  <testcase name="verifySkipThisForNowLinkTest" time="5.119" classname="com.guru.testing.page.PhoneVerificationPageTest"/>
  <testcase name="verifyPhoneVerificationPageTest" time="5.117" classname="com.guru.testing.page.PhoneVerificationPageTest"/>
  <testcase name="verifyPhoneVerificationPageTest" time="5.118" classname="com.guru.testing.page.PhoneVerificationPageTest"/>
  <testcase name="verifyPhoneVerificationPageTest" time="5.118" classname="com.guru.testing.page.PhoneVerificationPageTest"/>
</testsuite> <!-- com.guru.testing.page.PhoneVerificationPageTest -->
