<?xml version="1.0" encoding="UTF-8"?>
<!-- Generated by org.testng.reporters.JUnitReportReporter -->
<testsuite hostname="AKSHI-PC" name="com.guru.testing.page.DashboardPageTest" tests="17" failures="0" timestamp="16 Jun 2017 04:51:34 GMT" time="56.179" errors="0">
  <testcase name="clickPostAJobTopNavTest" time="3.506" classname="com.guru.testing.page.DashboardPageTest"/>
  <testcase name="clickDashboardTopNavTest" time="2.409" classname="com.guru.testing.page.DashboardPageTest"/>
  <testcase name="signOutFlTest" time="5.019" classname="com.guru.testing.page.DashboardPageTest"/>
  <testcase name="verifyFLDashboardPageTest" time="0.226" classname="com.guru.testing.page.DashboardPageTest"/>
  <testcase name="signOutEmployerTest" time="4.687" classname="com.guru.testing.page.DashboardPageTest"/>
  <testcase name="verifyEMPDashboardPageTest" time="0.249" classname="com.guru.testing.page.DashboardPageTest"/>
  <testcase name="clickRandomJobnamePostedTest" time="6.727" classname="com.guru.testing.page.DashboardPageTest"/>
  <testcase name="signOutFlTest" time="6.879" classname="com.guru.testing.page.DashboardPageTest"/>
  <testcase name="signOutEmployerTest" time="4.654" classname="com.guru.testing.page.DashboardPageTest"/>
  <testcase name="clickHiredRandomJobFLTest" time="7.934" classname="com.guru.testing.page.DashboardPageTest"/>
  <testcase name="verifyEMPDashboardPageTest" time="0.248" classname="com.guru.testing.page.DashboardPageTest"/>
  <testcase name="launchTinyURLTest" time="7.092" classname="com.guru.testing.page.DashboardPageTest"/>
  <testcase name="clickRandomJobnameWorkroomTest" time="2.871" classname="com.guru.testing.page.DashboardPageTest"/>
  <testcase name="verifyFLDashboardPageTest" time="0.257" classname="com.guru.testing.page.DashboardPageTest"/>
  <testcase name="clickRandomJobnamePostedTest" time="2.951" classname="com.guru.testing.page.DashboardPageTest"/>
  <testcase name="verifyEMPDashboardPageTest" time="0.267" classname="com.guru.testing.page.DashboardPageTest"/>
  <testcase name="verifyEMPDashboardPageTest" time="0.203" classname="com.guru.testing.page.DashboardPageTest"/>
</testsuite> <!-- com.guru.testing.page.DashboardPageTest -->
