<?xml version="1.0" encoding="UTF-8"?>
<!-- Generated by org.testng.reporters.JUnitReportReporter -->
<testsuite hostname="AKSHI-PC" name="com.guru.testing.page.FindGurusPageTest" tests="4" failures="0" timestamp="15 Jun 2017 12:25:50 GMT" time="5.369" errors="0">
  <testcase name="verifyMyGurusRefinementTest" time="0.105" classname="com.guru.testing.page.FindGurusPageTest"/>
  <testcase name="clickGetAQuoteByIndexTest" time="4.958" classname="com.guru.testing.page.FindGurusPageTest"/>
  <testcase name="verifyPaginationTest" time="0.196" classname="com.guru.testing.page.FindGurusPageTest"/>
  <testcase name="verifyFindGurusPageTest" time="0.110" classname="com.guru.testing.page.FindGurusPageTest"/>
</testsuite> <!-- com.guru.testing.page.FindGurusPageTest -->
