<?xml version="1.0" encoding="UTF-8"?>
<!-- Generated by org.testng.reporters.JUnitReportReporter -->
<testsuite hostname="AKSHI-PC" name="com.guru.testing.page.JobDetailsPageTest" tests="7" failures="0" timestamp="16 Jun 2017 04:51:34 GMT" time="18.403" errors="0">
  <testcase name="verifyQuoteSubmittedTest" time="6.309" classname="com.guru.testing.page.JobDetailsPageTest"/>
  <testcase name="clickApplyTest" time="0.052" classname="com.guru.testing.page.JobDetailsPageTest"/>
  <testcase name="selectAgreementTypeTest" time="0.075" classname="com.guru.testing.page.JobDetailsPageTest"/>
  <testcase name="enterMilestonesTest" time="1.646" classname="com.guru.testing.page.JobDetailsPageTest"/>
  <testcase name="clickToSubmitQuoteTest" time="0.086" classname="com.guru.testing.page.JobDetailsPageTest"/>
  <testcase name="verifyApplyQuotesFormTest" time="8.760" classname="com.guru.testing.page.JobDetailsPageTest"/>
  <testcase name="verifyJobDetailsPageTest" time="1.475" classname="com.guru.testing.page.JobDetailsPageTest"/>
</testsuite> <!-- com.guru.testing.page.JobDetailsPageTest -->
