<?xml version="1.0" encoding="UTF-8"?>
<!-- Generated by org.testng.reporters.JUnitReportReporter -->
<testsuite hostname="AKSHI-PC" name="com.guru.testing.page.LaunchApplicationPageTest" tests="1" failures="0" timestamp="16 Jun 2017 04:51:34 GMT" time="9.199" errors="0">
  <testcase name="navigateToUrlTest" time="9.199" classname="com.guru.testing.page.LaunchApplicationPageTest"/>
</testsuite> <!-- com.guru.testing.page.LaunchApplicationPageTest -->
