<?xml version="1.0" encoding="UTF-8"?>
<!-- Generated by org.testng.reporters.JUnitReportReporter -->
<testsuite hostname="AKSHI-PC" name="com.guru.testing.page.TransferMethodsPageTest" tests="4" failures="0" timestamp="1 Jun 2017 07:39:43 GMT" time="11.578" errors="0">
  <testcase name="clickConfirmRemoveTest" time="1.410" classname="com.guru.testing.page.TransferMethodsPageTest"/>
  <testcase name="verifyTransferMethodsPageTest" time="0.235" classname="com.guru.testing.page.TransferMethodsPageTest"/>
  <testcase name="clickRemoveCCTest" time="5.138" classname="com.guru.testing.page.TransferMethodsPageTest"/>
  <testcase name="clickTransferMethodsTabTest" time="4.795" classname="com.guru.testing.page.TransferMethodsPageTest"/>
</testsuite> <!-- com.guru.testing.page.TransferMethodsPageTest -->
