<?xml version="1.0" encoding="UTF-8"?>
<!-- Generated by org.testng.reporters.JUnitReportReporter -->
<testsuite hostname="AKSHI-PC" name="com.guru.testing.page.CashAccPageTest" tests="3" failures="0" timestamp="12 Jun 2017 11:01:17 GMT" time="2.824" errors="0">
  <testcase name="clickCashAccTabTest" time="2.691" classname="com.guru.testing.page.CashAccPageTest"/>
  <testcase name="verifyCashAccPageTest" time="0.065" classname="com.guru.testing.page.CashAccPageTest"/>
  <testcase name="verifyTransactionsTest" time="0.068" classname="com.guru.testing.page.CashAccPageTest"/>
</testsuite> <!-- com.guru.testing.page.CashAccPageTest -->
