<?xml version="1.0" encoding="UTF-8"?>
<!-- Generated by org.testng.reporters.JUnitReportReporter -->
<testsuite hostname="AKSHI-PC" name="com.guru.testing.page.BidsPageTest" tests="8" failures="0" timestamp="12 Jun 2017 11:01:17 GMT" time="18.431" errors="0">
  <testcase name="clickAddBidsTest" time="11.112" classname="com.guru.testing.page.BidsPageTest"/>
  <testcase name="verifyBidsPageTest" time="1.529" classname="com.guru.testing.page.BidsPageTest"/>
  <testcase name="compareBidsCountTest" time="0.001" classname="com.guru.testing.page.BidsPageTest"/>
  <testcase name="verifyBidsPageTest" time="2.314" classname="com.guru.testing.page.BidsPageTest"/>
  <testcase name="getBidsCountBeforeTest" time="0.023" classname="com.guru.testing.page.BidsPageTest"/>
  <testcase name="clickBuyMoreBidsTest" time="0.100" classname="com.guru.testing.page.BidsPageTest"/>
  <testcase name="getBidsCountAfterTest" time="0.023" classname="com.guru.testing.page.BidsPageTest"/>
  <testcase name="clickPaymentsTabBidsPageTest" time="3.329" classname="com.guru.testing.page.BidsPageTest"/>
</testsuite> <!-- com.guru.testing.page.BidsPageTest -->
