<?xml version="1.0" encoding="UTF-8"?>
<!-- Generated by org.testng.reporters.JUnitReportReporter -->
<testsuite hostname="AKSHI-PC" name="com.guru.testing.page.HirePageTest" tests="7" failures="0" timestamp="16 Jun 2017 04:51:34 GMT" time="39.555" errors="0">
  <testcase name="verifyQuotesPageTest" time="5.447" classname="com.guru.testing.page.HirePageTest"/>
  <testcase name="getTinyURLTest" time="13.351" classname="com.guru.testing.page.HirePageTest"/>
  <testcase name="clickWorkRoomLinkTest" time="8.095" classname="com.guru.testing.page.HirePageTest"/>
  <testcase name="clickHireBtnTest" time="0.518" classname="com.guru.testing.page.HirePageTest"/>
  <testcase name="verifyQuotesPageTest" time="5.692" classname="com.guru.testing.page.HirePageTest"/>
  <testcase name="selectAgreementAckCheckboxTest" time="0.071" classname="com.guru.testing.page.HirePageTest"/>
  <testcase name="clickHireInHirePopupTest" time="6.381" classname="com.guru.testing.page.HirePageTest"/>
</testsuite> <!-- com.guru.testing.page.HirePageTest -->
