<?xml version="1.0" encoding="UTF-8"?>
<!-- Generated by org.testng.reporters.JUnitReportReporter -->
<testsuite hostname="AKSHI-PC" name="com.guru.testing.page.PaymentsTransferPageTest" tests="4" failures="0" timestamp="12 Jun 2017 11:01:17 GMT" time="13.008" errors="0">
  <testcase name="clickRemoveCCTest" time="5.181" classname="com.guru.testing.page.PaymentsTransferPageTest"/>
  <testcase name="clickConfirmRemoveTest" time="1.257" classname="com.guru.testing.page.PaymentsTransferPageTest"/>
  <testcase name="clickTransferMethodsTabTest" time="6.339" classname="com.guru.testing.page.PaymentsTransferPageTest"/>
  <testcase name="verifyTransferMethodsPageTest" time="0.231" classname="com.guru.testing.page.PaymentsTransferPageTest"/>
</testsuite> <!-- com.guru.testing.page.PaymentsTransferPageTest -->
