<?xml version="1.0" encoding="UTF-8"?>
<!-- Generated by org.testng.reporters.JUnitReportReporter -->
<testsuite hostname="AKSHI-PC" name="com.guru.testing.page.InvoicePageTest" tests="6" failures="0" timestamp="16 Jun 2017 04:51:34 GMT" time="20.137" errors="0">
  <testcase name="verifyCreateInvoicePageTest" time="8.065" classname="com.guru.testing.page.InvoicePageTest"/>
  <testcase name="copyInvTotalOnCreateInvTest" time="0.023" classname="com.guru.testing.page.InvoicePageTest"/>
  <testcase name="selectKindOfJobTest" time="0.074" classname="com.guru.testing.page.InvoicePageTest"/>
  <testcase name="clickSendInvoiceTest" time="2.060" classname="com.guru.testing.page.InvoicePageTest"/>
  <testcase name="clickPreviewInvoiceTest" time="2.168" classname="com.guru.testing.page.InvoicePageTest"/>
  <testcase name="verifyInvoicePageTest" time="7.747" classname="com.guru.testing.page.InvoicePageTest"/>
</testsuite> <!-- com.guru.testing.page.InvoicePageTest -->
