<?xml version="1.0" encoding="UTF-8"?>
<!-- Generated by org.testng.reporters.JUnitReportReporter -->
<testsuite hostname="AKSHI-PC" name="com.guru.testing.page.LoginPageTest" tests="20" failures="0" timestamp="16 Jun 2017 04:51:34 GMT" time="46.261" errors="0">
  <testcase name="enterPasswordTest" time="0.088" classname="com.guru.testing.page.LoginPageTest"/>
  <testcase name="enterPasswordTest" time="0.091" classname="com.guru.testing.page.LoginPageTest"/>
  <testcase name="verifyLoginPageTest" time="0.124" classname="com.guru.testing.page.LoginPageTest"/>
  <testcase name="verifyLoginPageTest" time="0.148" classname="com.guru.testing.page.LoginPageTest"/>
  <testcase name="clickSignInButtonTest" time="20.463" classname="com.guru.testing.page.LoginPageTest"/>
  <testcase name="clickSignInButtonTest" time="6.543" classname="com.guru.testing.page.LoginPageTest"/>
  <testcase name="enterEmailOrUsernameTest" time="0.115" classname="com.guru.testing.page.LoginPageTest"/>
  <testcase name="clickSignInButtonTest" time="3.223" classname="com.guru.testing.page.LoginPageTest"/>
  <testcase name="enterPasswordTest" time="0.096" classname="com.guru.testing.page.LoginPageTest"/>
  <testcase name="clickSignInButtonTest" time="10.014" classname="com.guru.testing.page.LoginPageTest"/>
  <testcase name="enterPasswordTest" time="0.093" classname="com.guru.testing.page.LoginPageTest"/>
  <testcase name="verifyLoginPageTest" time="0.123" classname="com.guru.testing.page.LoginPageTest"/>
  <testcase name="verifyLoginPageTest" time="0.127" classname="com.guru.testing.page.LoginPageTest"/>
  <testcase name="enterEmailOrUsernameTest" time="0.123" classname="com.guru.testing.page.LoginPageTest"/>
  <testcase name="enterEmailOrUsernameTest" time="0.121" classname="com.guru.testing.page.LoginPageTest"/>
  <testcase name="enterEmailOrUsernameTest" time="0.138" classname="com.guru.testing.page.LoginPageTest"/>
  <testcase name="verifyLoginPageTest" time="0.129" classname="com.guru.testing.page.LoginPageTest"/>
  <testcase name="clickSignInButtonTest" time="4.298" classname="com.guru.testing.page.LoginPageTest"/>
  <testcase name="enterPasswordTest" time="0.091" classname="com.guru.testing.page.LoginPageTest"/>
  <testcase name="enterEmailOrUsernameTest" time="0.113" classname="com.guru.testing.page.LoginPageTest"/>
</testsuite> <!-- com.guru.testing.page.LoginPageTest -->
