<?xml version="1.0" encoding="UTF-8"?>
<!-- Generated by org.testng.reporters.JUnitReportReporter -->
<testsuite hostname="AKSHI-PC" name="com.guru.testing.page.FLProfilePageTest" tests="3" failures="0" timestamp="15 Jun 2017 12:25:50 GMT" time="8.628" errors="0">
  <testcase name="selectExistingJobTest" time="0.269" classname="com.guru.testing.page.FLProfilePageTest"/>
  <testcase name="clickGetAQuoteTest" time="8.059" classname="com.guru.testing.page.FLProfilePageTest"/>
  <testcase name="enterMessageTest" time="0.300" classname="com.guru.testing.page.FLProfilePageTest"/>
</testsuite> <!-- com.guru.testing.page.FLProfilePageTest -->
