<?xml version="1.0" encoding="UTF-8"?><test-run-result duration-ms="477177" failed="3" failed-duration-ms="50" finished-at="21/06/2017 12:48:02 PM" passed="99" passed-duration-ms="471481" skipped="0" skipped-duration-ms="0" started-at="21/06/2017 12:40:04 PM" status="FAIL" total="102"><suite duration-ms="477177" failed="3" failed-duration-ms="50" finished-at="21/06/2017 12:48:02 PM" name="Approve payments" passed="99" passed-duration-ms="471481" reportName="APPROVE_PAYMENT" skipped="0" skipped-duration-ms="0" started-at="21/06/2017 12:40:04 PM" status="FAIL" testDescription="" total="102" verbosity="-1-2-8-32-"><test duration-ms="8315" failed="0" failed-duration-ms="0" finished-at="21/06/2017 12:40:13 PM" name="Launch application" passed="1" passed-duration-ms="6244" skipped="0" skipped-duration-ms="0" started-at="21/06/2017 12:40:04 PM" status="PASS" total="1"><test-method class="LaunchApplication" duration-ms="6244" finished-at="12:40:13 PM" name="navigateToUrlTest" sequence="1" started-at="12:40:07 PM" status="PASS"><parameters><parameter index="1"><value>h​t​t​p​s​:​/​/​q​a​.​g​u​r​u​.​c​o​m​/​l​o​g​i​n​.​a​s​p​x​</value></parameter></parameters></test-method></test><history historystatus="N/A" runtimedate="N/A"/><test duration-ms="39080" failed="0" failed-duration-ms="0" finished-at="21/06/2017 12:40:52 PM" name="Login application" passed="5" passed-duration-ms="39068" skipped="0" skipped-duration-ms="0" started-at="21/06/2017 12:40:13 PM" status="PASS" total="5"><test-method class="EMPLogin" duration-ms="353" finished-at="12:40:13 PM" name="enterUsernameAndPasswordTest" sequence="1" started-at="12:40:13 PM" status="PASS"><parameters><parameter index="1"><value>g​u​r​u​e​m​p​0​0​1​@​g​m​a​i​l​.​c​o​m​</value></parameter><parameter index="2"><value>1​2​3​4​5​6​7​8​</value></parameter></parameters></test-method><test-method class="EMPLogin" duration-ms="8162" finished-at="12:40:21 PM" name="clickSignInTest" sequence="2" started-at="12:40:13 PM" status="PASS"/><test-method class="EMPLogin" duration-ms="9805" finished-at="12:40:31 PM" name="validateSecurityTest" sequence="3" started-at="12:40:21 PM" status="PASS"/><test-method class="EMPLogin" duration-ms="20510" finished-at="12:40:52 PM" name="verifyAndSkipPhoneVerificationTest" sequence="4" started-at="12:40:31 PM" status="PASS"/><test-method class="EMPLogin" duration-ms="238" finished-at="12:40:52 PM" name="verifyDashboardPageTest" sequence="5" started-at="12:40:52 PM" status="PASS"/></test><history historystatus="N/A" runtimedate="N/A"/><test duration-ms="429782" failed="3" failed-duration-ms="50" finished-at="21/06/2017 12:48:02 PM" name="Approve payments" passed="93" passed-duration-ms="426169" skipped="0" skipped-duration-ms="0" started-at="21/06/2017 12:40:52 PM" status="FAIL" total="96"><test-method class="RefundRevokeDecline" duration-ms="4146" finished-at="12:40:56 PM" name="goToPostAJobPageTest" sequence="1" started-at="12:40:52 PM" status="PASS"/><test-method class="RefundRevokeDecline" duration-ms="878" finished-at="12:40:57 PM" name="verifyPostAJobPageTest" sequence="2" started-at="12:40:56 PM" status="PASS"/><test-method class="RefundRevokeDecline" duration-ms="27026" finished-at="12:41:24 PM" name="enterJobDetailsTest" sequence="3" started-at="12:40:57 PM" status="PASS"><parameters><parameter index="1"><value>A​u​t​o​m​a​t​e​d​ ​J​o​b​ ​D​e​t​a​i​l​s​</value></parameter><parameter index="2"><value>W​e​b​,​ ​S​o​f​t​w​a​r​e​ ​&amp;​ ​I​T​</value></parameter><parameter index="3"><value>t​e​s​t​i​n​g​</value></parameter><parameter index="4"><value>U​n​d​e​r​ ​$​2​5​0​</value></parameter></parameters></test-method><test-method class="RefundRevokeDecline" duration-ms="5523" finished-at="12:41:29 PM" name="clickPostJobTest" sequence="4" started-at="12:41:24 PM" status="PASS"/><test-method class="RefundRevokeDecline" duration-ms="7021" finished-at="12:41:36 PM" name="verifyFeatureJobPayNowPageTest" sequence="5" started-at="12:41:29 PM" status="PASS"/><test-method class="RefundRevokeDecline" duration-ms="66" finished-at="12:41:37 PM" name="agreeToPayCheckTest" sequence="6" started-at="12:41:36 PM" status="PASS"/><test-method class="RefundRevokeDecline" duration-ms="89" finished-at="12:41:37 PM" name="clickPayTest" sequence="7" started-at="12:41:37 PM" status="PASS"/><test-method class="RefundRevokeDecline" duration-ms="14415" finished-at="12:41:51 PM" name="verifyJobPostSuccessTest" sequence="8" started-at="12:41:37 PM" status="PASS"/><test-method class="RefundRevokeDecline" duration-ms="9713" finished-at="12:42:01 PM" name="goToJobHirePageTest" sequence="9" started-at="12:41:51 PM" status="PASS"/><test-method class="RefundRevokeDecline" duration-ms="11667" finished-at="12:42:12 PM" name="verifyHirePageTest" sequence="10" started-at="12:42:01 PM" status="PASS"/><test-method class="RefundRevokeDecline" duration-ms="15201" finished-at="12:42:28 PM" name="signOutEMPTest" sequence="11" started-at="12:42:12 PM" status="PASS"/><test-method class="RefundRevokeDecline" duration-ms="155" finished-at="12:42:28 PM" name="verifyLoginPageOneTest" sequence="12" started-at="12:42:28 PM" status="PASS"/><test-method class="RefundRevokeDecline" duration-ms="274" finished-at="12:42:28 PM" name="loginAsFLTest" sequence="13" started-at="12:42:28 PM" status="PASS"><parameters><parameter index="1"><value>g​u​r​u​f​r​e​e​0​0​1​@​g​m​a​i​l​.​c​o​m​</value></parameter><parameter index="2"><value>1​2​3​4​5​6​7​8​</value></parameter></parameters></test-method><test-method class="RefundRevokeDecline" duration-ms="25008" finished-at="12:42:53 PM" name="verifyFLLoggedInTest" sequence="14" started-at="12:42:28 PM" status="PASS"/><test-method class="RefundRevokeDecline" duration-ms="206" finished-at="12:42:53 PM" name="verifyFLDashTest" sequence="15" started-at="12:42:53 PM" status="PASS"/><test-method class="RefundRevokeDecline" duration-ms="7554" finished-at="12:43:01 PM" name="launchTinyUrlTest" sequence="16" started-at="12:42:53 PM" status="PASS"/><test-method class="RefundRevokeDecline" duration-ms="1328" finished-at="12:43:02 PM" name="verifyJobDetailsPageTest" sequence="17" started-at="12:43:01 PM" status="PASS"/><test-method class="RefundRevokeDecline" duration-ms="58" finished-at="12:43:02 PM" name="clickApplyTest" sequence="18" started-at="12:43:02 PM" status="PASS"/><test-method class="RefundRevokeDecline" duration-ms="4346" finished-at="12:43:07 PM" name="verifyApplyQuoteFormTest" sequence="19" started-at="12:43:02 PM" status="PASS"/><test-method class="RefundRevokeDecline" duration-ms="5309" finished-at="12:43:12 PM" name="craftMilestoneQuoteTest" sequence="20" started-at="12:43:07 PM" status="PASS"><parameters><parameter index="1"><value>1​</value></parameter><parameter index="2"><value>A​u​t​o​ ​M​i​l​e​ ​1​</value></parameter><parameter index="3"><value>0​1​-​1​2​-​2​0​1​8​</value></parameter><parameter index="4"><value>1​2​0​</value></parameter><parameter index="5"><value>A​u​t​o​m​a​t​e​d​ ​S​c​o​p​e​ ​o​f​ ​W​o​r​k​</value></parameter></parameters></test-method><test-method class="RefundRevokeDecline" duration-ms="119" finished-at="12:43:12 PM" name="submitQuoteTest" sequence="21" started-at="12:43:12 PM" status="PASS"/><test-method class="RefundRevokeDecline" duration-ms="2359" finished-at="12:43:14 PM" name="verifyQuoteSubmittedTest" sequence="22" started-at="12:43:12 PM" status="PASS"/><test-method class="RefundRevokeDecline" duration-ms="6459" finished-at="12:43:21 PM" name="signOutFLTest" sequence="23" started-at="12:43:14 PM" status="PASS"/><test-method class="RefundRevokeDecline" duration-ms="179" finished-at="12:43:21 PM" name="verifyLoginPageTwoTest" sequence="24" started-at="12:43:21 PM" status="PASS"/><test-method class="RefundRevokeDecline" duration-ms="214" finished-at="12:43:21 PM" name="loginAsEMPTest" sequence="25" started-at="12:43:21 PM" status="PASS"><parameters><parameter index="1"><value>g​u​r​u​e​m​p​0​0​1​@​g​m​a​i​l​.​c​o​m​</value></parameter><parameter index="2"><value>1​2​3​4​5​6​7​8​</value></parameter></parameters></test-method><test-method class="RefundRevokeDecline" duration-ms="14269" finished-at="12:43:36 PM" name="verifyEMPLoggedInTest" sequence="26" started-at="12:43:21 PM" status="PASS"/><test-method class="RefundRevokeDecline" duration-ms="255" finished-at="12:43:36 PM" name="verifyEMPDashTest" sequence="27" started-at="12:43:36 PM" status="PASS"/><test-method class="RefundRevokeDecline" duration-ms="3402" finished-at="12:43:39 PM" name="goToJobHirePageAgainTest" sequence="28" started-at="12:43:36 PM" status="PASS"/><test-method class="RefundRevokeDecline" duration-ms="1040" finished-at="12:43:40 PM" name="verifyHirePageAgainTest" sequence="29" started-at="12:43:39 PM" status="PASS"/><test-method class="RefundRevokeDecline" duration-ms="8151" finished-at="12:43:48 PM" name="hireTheFLTest" sequence="30" started-at="12:43:40 PM" status="PASS"/><test-method class="RefundRevokeDecline" duration-ms="9937" finished-at="12:43:58 PM" name="logOutEMPTest" sequence="31" started-at="12:43:48 PM" status="PASS"/><test-method class="RefundRevokeDecline" duration-ms="140" finished-at="12:43:58 PM" name="verifyLoginPageThreeTest" sequence="32" started-at="12:43:58 PM" status="PASS"/><test-method class="RefundRevokeDecline" duration-ms="256" finished-at="12:43:59 PM" name="loginAsFreeLTest" sequence="33" started-at="12:43:58 PM" status="PASS"><parameters><parameter index="1"><value>g​u​r​u​f​r​e​e​0​0​1​@​g​m​a​i​l​.​c​o​m​</value></parameter><parameter index="2"><value>1​2​3​4​5​6​7​8​</value></parameter></parameters></test-method><test-method class="RefundRevokeDecline" duration-ms="13682" finished-at="12:44:12 PM" name="verifyFreeLLoggedInTest" sequence="34" started-at="12:43:59 PM" status="PASS"/><test-method class="RefundRevokeDecline" duration-ms="210" finished-at="12:44:13 PM" name="verifyFLDashboardTest" sequence="35" started-at="12:44:12 PM" status="PASS"/><test-method class="RefundRevokeDecline" duration-ms="4220" finished-at="12:44:17 PM" name="goToWorkroomTest" sequence="36" started-at="12:44:13 PM" status="PASS"><parameters><parameter index="1"><value>1​</value></parameter></parameters></test-method><test-method class="RefundRevokeDecline" duration-ms="246" finished-at="12:44:17 PM" name="verifyFLWorkroomTest" sequence="37" started-at="12:44:17 PM" status="PASS"/><test-method class="RefundRevokeDecline" duration-ms="6093" finished-at="12:44:23 PM" name="clickSendInvoiceTest" sequence="38" started-at="12:44:17 PM" status="PASS"/><test-method class="RefundRevokeDecline" duration-ms="9393" finished-at="12:44:33 PM" name="verifyCreateInvoicePageTest" sequence="39" started-at="12:44:23 PM" status="PASS"/><test-method class="RefundRevokeDecline" duration-ms="2210" finished-at="12:44:35 PM" name="enterInvoiceDetailsTest" sequence="40" started-at="12:44:33 PM" status="PASS"><parameters><parameter index="1"><value>W​e​b​,​ ​S​o​f​t​w​a​r​e​ ​&amp;​ ​I​T​</value></parameter></parameters></test-method><test-method class="RefundRevokeDecline" duration-ms="2065" finished-at="12:44:37 PM" name="sendInvoiceTest" sequence="41" started-at="12:44:35 PM" status="PASS"/><test-method class="RefundRevokeDecline" duration-ms="3411" finished-at="12:44:40 PM" name="verifyFLInvoicePageTest" sequence="42" started-at="12:44:37 PM" status="PASS"/><test-method class="RefundRevokeDecline" duration-ms="6362" finished-at="12:44:47 PM" name="signOutFreeLTest" sequence="43" started-at="12:44:40 PM" status="PASS"/><test-method class="RefundRevokeDecline" duration-ms="129" finished-at="12:44:47 PM" name="verifyLoginPageFourTest" sequence="44" started-at="12:44:47 PM" status="PASS"/><test-method class="RefundRevokeDecline" duration-ms="214" finished-at="12:44:47 PM" name="loginEMPTest" sequence="45" started-at="12:44:47 PM" status="PASS"><parameters><parameter index="1"><value>g​u​r​u​e​m​p​0​0​1​@​g​m​a​i​l​.​c​o​m​</value></parameter><parameter index="2"><value>1​2​3​4​5​6​7​8​</value></parameter></parameters></test-method><test-method class="RefundRevokeDecline" duration-ms="10290" finished-at="12:44:57 PM" name="verifyEMPLogInTest" sequence="46" started-at="12:44:47 PM" status="PASS"/><test-method class="RefundRevokeDecline" duration-ms="247" finished-at="12:44:57 PM" name="verifyDashEMPTest" sequence="47" started-at="12:44:57 PM" status="PASS"/><test-method class="RefundRevokeDecline" duration-ms="2820" finished-at="12:45:00 PM" name="clickPayTabTest" sequence="48" started-at="12:44:57 PM" status="PASS"/><test-method class="RefundRevokeDecline" duration-ms="308" finished-at="12:45:01 PM" name="verifyInvoicePageTest" sequence="49" started-at="12:45:00 PM" status="PASS"/><test-method class="RefundRevokeDecline" duration-ms="380" finished-at="12:45:01 PM" name="clickUnpaidInvoiceTest" sequence="50" started-at="12:45:01 PM" status="PASS"/><test-method class="RefundRevokeDecline" duration-ms="11611" finished-at="12:45:13 PM" name="verifyInvoiceDetailsPageTest" sequence="51" started-at="12:45:01 PM" status="PASS"/><test-method class="RefundRevokeDecline" duration-ms="4043" finished-at="12:45:17 PM" name="clickPayInvoiceTest" sequence="52" started-at="12:45:13 PM" status="PASS"/><test-method class="RefundRevokeDecline" duration-ms="5947" finished-at="12:45:23 PM" name="verifyInvoicePayNowPageTest" sequence="53" started-at="12:45:17 PM" status="PASS"/><test-method class="RefundRevokeDecline" duration-ms="34324" finished-at="12:45:57 PM" name="selectECheckAndAgreeTermsTest" sequence="54" started-at="12:45:23 PM" status="PASS"/><test-method class="RefundRevokeDecline" duration-ms="99" finished-at="12:45:57 PM" name="payInvoiceTest" sequence="55" started-at="12:45:57 PM" status="PASS"/><test-method class="RefundRevokeDecline" duration-ms="6381" finished-at="12:46:03 PM" name="verifyInvoicePaidTest" sequence="56" started-at="12:45:57 PM" status="PASS"/><test-method class="RefundRevokeDecline" duration-ms="9352" finished-at="12:46:13 PM" name="signOutEmployerTest" sequence="57" started-at="12:46:03 PM" status="PASS"/><test-method class="RefundRevokeDecline" duration-ms="135" finished-at="12:46:13 PM" name="verifyLoginPageFiveTest" sequence="58" started-at="12:46:13 PM" status="PASS"/><test-method class="RefundRevokeDecline" duration-ms="1220" finished-at="12:46:14 PM" name="launchAdminSiteTest" sequence="59" started-at="12:46:13 PM" status="PASS"><parameters><parameter index="1"><value>h​t​t​p​s​:​/​/​q​a​.​g​u​r​u​.​c​o​m​/​a​d​m​i​n​/​l​o​g​i​n​.​a​s​p​x​</value></parameter></parameters></test-method><test-method class="RefundRevokeDecline" duration-ms="25" finished-at="12:46:14 PM" name="verifyAdminLoginPageTest" screenshot="C:\Users\mkumar\devworkspace\regression\target\Approve_payments_verifyAdminLoginPageTest_1498029375442.gif" sequence="60" started-at="12:46:14 PM" status="FAIL"><exception class="java.lang.Exception"><message>java.lang.NullPointerException</message><full-stacktrace>com.guru.testing.page.AdminLoginPageTest.verifyAdminLoginPage(AdminLoginPageTest.java:23)
com.guru.testing.tests.RefundRevokeDecline.verifyAdminLoginPageTest(RefundRevokeDecline.java:426)
sun.reflect.NativeMethodAccessorImpl.invoke0(Native Method)
sun.reflect.NativeMethodAccessorImpl.invoke(NativeMethodAccessorImpl.java:62)
sun.reflect.DelegatingMethodAccessorImpl.invoke(DelegatingMethodAccessorImpl.java:43)
java.lang.reflect.Method.invoke(Method.java:498)
org.testng.internal.MethodInvocationHelper.invokeMethod(MethodInvocationHelper.java:80)
org.testng.internal.Invoker.invokeMethod(Invoker.java:702)
org.testng.internal.Invoker.invokeTestMethod(Invoker.java:894)
org.testng.internal.Invoker.invokeTestMethods(Invoker.java:1219)
</full-stacktrace></exception></test-method><test-method class="RefundRevokeDecline" duration-ms="6548" finished-at="12:46:23 PM" name="loginToAdminTest" sequence="61" started-at="12:46:16 PM" status="PASS"><parameters><parameter index="1"><value>s​m​a​l​l​</value></parameter><parameter index="2"><value>p​a​s​s​w​o​r​d​</value></parameter></parameters></test-method><test-method class="RefundRevokeDecline" duration-ms="76" finished-at="12:46:23 PM" name="verifyAdminHomePageTest" sequence="62" started-at="12:46:23 PM" status="PASS"/><test-method class="RefundRevokeDecline" duration-ms="2893" finished-at="12:46:26 PM" name="goToAcceptApproveTest" sequence="63" started-at="12:46:23 PM" status="PASS"/><test-method class="RefundRevokeDecline" duration-ms="927" finished-at="12:46:27 PM" name="verifyAdminApprovePaymentsPage" sequence="64" started-at="12:46:26 PM" status="PASS"/><test-method class="RefundRevokeDecline" duration-ms="674" finished-at="12:46:27 PM" name="goToPendingTabTest" sequence="65" started-at="12:46:27 PM" status="PASS"><parameters><parameter index="1"><value>P​E​N​D​I​N​G​</value></parameter></parameters></test-method><test-method class="RefundRevokeDecline" duration-ms="968" finished-at="12:46:28 PM" name="findPendingPaymentTest" sequence="66" started-at="12:46:27 PM" status="PASS"><parameters><parameter index="1"><value>2​0​1​7​-​0​6​-​2​0​</value></parameter><parameter index="2"><value>2​0​1​7​-​0​6​-​2​1​</value></parameter><parameter index="3"><value>0​</value></parameter></parameters></test-method><test-method class="RefundRevokeDecline" duration-ms="5468" finished-at="12:46:34 PM" name="clickApproveTest" sequence="67" started-at="12:46:28 PM" status="PASS"><parameters><parameter index="1"><value>0​</value></parameter></parameters></test-method><test-method class="RefundRevokeDecline" duration-ms="1050" finished-at="12:46:35 PM" name="goToCompletedTabTest" sequence="68" started-at="12:46:34 PM" status="PASS"><parameters><parameter index="1"><value>C​O​M​P​L​E​T​E​D​</value></parameter><parameter index="2"><value>2​0​1​7​-​0​6​-​2​0​</value></parameter><parameter index="3"><value>2​0​1​7​-​0​6​-​2​1​</value></parameter></parameters></test-method><test-method class="RefundRevokeDecline" duration-ms="3364" finished-at="12:46:38 PM" name="clickRevokeTest" sequence="69" started-at="12:46:35 PM" status="PASS"><parameters><parameter index="1"><value>0​</value></parameter></parameters></test-method><test-method class="RefundRevokeDecline" duration-ms="7837" finished-at="12:46:46 PM" name="logoutAdminTest" sequence="70" started-at="12:46:38 PM" status="PASS"/><test-method class="RefundRevokeDecline" duration-ms="16" finished-at="12:46:46 PM" name="verifyLoggedOutTest" screenshot="C:\Users\mkumar\devworkspace\regression\target\Approve_payments_verifyLoggedOutTest_1498029406680.gif" sequence="71" started-at="12:46:46 PM" status="FAIL"><exception class="java.lang.Exception"><message>java.lang.NullPointerException</message><full-stacktrace>com.guru.testing.page.AdminLoginPageTest.verifyAdminLoginPage(AdminLoginPageTest.java:23)
com.guru.testing.tests.RefundRevokeDecline.verifyLoggedOutTest(RefundRevokeDecline.java:513)
sun.reflect.NativeMethodAccessorImpl.invoke0(Native Method)
sun.reflect.NativeMethodAccessorImpl.invoke(NativeMethodAccessorImpl.java:62)
sun.reflect.DelegatingMethodAccessorImpl.invoke(DelegatingMethodAccessorImpl.java:43)
java.lang.reflect.Method.invoke(Method.java:498)
org.testng.internal.MethodInvocationHelper.invokeMethod(MethodInvocationHelper.java:80)
org.testng.internal.Invoker.invokeMethod(Invoker.java:702)
org.testng.internal.Invoker.invokeTestMethod(Invoker.java:894)
org.testng.internal.Invoker.invokeTestMethods(Invoker.java:1219)
</full-stacktrace></exception></test-method><test-method class="RefundRevokeDecline" duration-ms="1872" finished-at="12:46:49 PM" name="launchGuruTest" sequence="72" started-at="12:46:47 PM" status="PASS"><parameters><parameter index="1"><value>h​t​t​p​s​:​/​/​q​a​.​g​u​r​u​.​c​o​m​/​l​o​g​i​n​.​a​s​p​x​</value></parameter></parameters></test-method><test-method class="RefundRevokeDecline" duration-ms="126" finished-at="12:46:49 PM" name="verifyLoginPageSixTest" sequence="73" started-at="12:46:49 PM" status="PASS"/><test-method class="RefundRevokeDecline" duration-ms="201" finished-at="12:46:49 PM" name="loginEmployerTest" sequence="74" started-at="12:46:49 PM" status="PASS"><parameters><parameter index="1"><value>g​u​r​u​e​m​p​0​0​1​@​g​m​a​i​l​.​c​o​m​</value></parameter><parameter index="2"><value>1​2​3​4​5​6​7​8​</value></parameter></parameters></test-method><test-method class="RefundRevokeDecline" duration-ms="14620" finished-at="12:47:03 PM" name="verifyEmployerLogInTest" sequence="75" started-at="12:46:49 PM" status="PASS"/><test-method class="RefundRevokeDecline" duration-ms="280" finished-at="12:47:04 PM" name="verifyEmployerDashTest" sequence="76" started-at="12:47:03 PM" status="PASS"/><test-method class="RefundRevokeDecline" duration-ms="3068" finished-at="12:47:07 PM" name="goToInvoiceSummaryTest" sequence="77" started-at="12:47:04 PM" status="PASS"/><test-method class="RefundRevokeDecline" duration-ms="511" finished-at="12:47:07 PM" name="verifyInvoiceSummaryTest" sequence="78" started-at="12:47:07 PM" status="PASS"/><test-method class="RefundRevokeDecline" duration-ms="83" finished-at="12:47:07 PM" name="clickFirstViewAndPayTest" sequence="79" started-at="12:47:07 PM" status="PASS"/><test-method class="RefundRevokeDecline" duration-ms="11429" finished-at="12:47:19 PM" name="validateInvoiceDetailsPageTest" sequence="80" started-at="12:47:07 PM" status="PASS"/><test-method class="RefundRevokeDecline" duration-ms="4085" finished-at="12:47:23 PM" name="clickPayInvoiceBtnTest" sequence="81" started-at="12:47:19 PM" status="PASS"/><test-method class="RefundRevokeDecline" duration-ms="6734" finished-at="12:47:30 PM" name="validateInvoicePayNowPageTest" sequence="82" started-at="12:47:23 PM" status="PASS"/><test-method class="RefundRevokeDecline" duration-ms="321" finished-at="12:47:30 PM" name="payUsingEcheckTest" sequence="83" started-at="12:47:30 PM" status="PASS"/><test-method class="RefundRevokeDecline" duration-ms="83" finished-at="12:47:30 PM" name="payTheInvoiceTest" sequence="84" started-at="12:47:30 PM" status="PASS"/><test-method class="RefundRevokeDecline" duration-ms="6356" finished-at="12:47:36 PM" name="verifyInvoiceIsPaidTest" sequence="85" started-at="12:47:30 PM" status="PASS"/><test-method class="RefundRevokeDecline" duration-ms="8442" finished-at="12:47:45 PM" name="logOutEmployerTest" sequence="86" started-at="12:47:36 PM" status="PASS"/><test-method class="RefundRevokeDecline" duration-ms="142" finished-at="12:47:45 PM" name="verifyLoginPageSevenTest" sequence="87" started-at="12:47:45 PM" status="PASS"/><test-method class="RefundRevokeDecline" duration-ms="850" finished-at="12:47:46 PM" name="goToAdminSiteTest" sequence="88" started-at="12:47:45 PM" status="PASS"><parameters><parameter index="1"><value>h​t​t​p​s​:​/​/​q​a​.​g​u​r​u​.​c​o​m​/​a​d​m​i​n​/​l​o​g​i​n​.​a​s​p​x​</value></parameter></parameters></test-method><test-method class="RefundRevokeDecline" duration-ms="9" finished-at="12:47:46 PM" name="validateAdminLoginPageTest" screenshot="C:\Users\mkumar\devworkspace\regression\target\Approve_payments_validateAdminLoginPageTest_1498029466626.gif" sequence="89" started-at="12:47:46 PM" status="FAIL"><exception class="java.lang.Exception"><message>java.lang.NullPointerException</message><full-stacktrace>com.guru.testing.page.AdminLoginPageTest.verifyAdminLoginPage(AdminLoginPageTest.java:23)
com.guru.testing.tests.RefundRevokeDecline.validateAdminLoginPageTest(RefundRevokeDecline.java:627)
sun.reflect.NativeMethodAccessorImpl.invoke0(Native Method)
sun.reflect.NativeMethodAccessorImpl.invoke(NativeMethodAccessorImpl.java:62)
sun.reflect.DelegatingMethodAccessorImpl.invoke(DelegatingMethodAccessorImpl.java:43)
java.lang.reflect.Method.invoke(Method.java:498)
org.testng.internal.MethodInvocationHelper.invokeMethod(MethodInvocationHelper.java:80)
org.testng.internal.Invoker.invokeMethod(Invoker.java:702)
org.testng.internal.Invoker.invokeTestMethod(Invoker.java:894)
org.testng.internal.Invoker.invokeTestMethods(Invoker.java:1219)
</full-stacktrace></exception></test-method><test-method class="RefundRevokeDecline" duration-ms="6574" finished-at="12:47:53 PM" name="logIntoAdminTest" sequence="90" started-at="12:47:47 PM" status="PASS"><parameters><parameter index="1"><value>s​m​a​l​l​</value></parameter><parameter index="2"><value>p​a​s​s​w​o​r​d​</value></parameter></parameters></test-method><test-method class="RefundRevokeDecline" duration-ms="63" finished-at="12:47:53 PM" name="validateAdminHomePageTest" sequence="91" started-at="12:47:53 PM" status="PASS"/><test-method class="RefundRevokeDecline" duration-ms="2208" finished-at="12:47:55 PM" name="goToAcceptApprovePaymentsTest" sequence="92" started-at="12:47:53 PM" status="PASS"/><test-method class="RefundRevokeDecline" duration-ms="817" finished-at="12:47:56 PM" name="validateAdminApprovePaymentsPage" sequence="93" started-at="12:47:56 PM" status="PASS"/><test-method class="RefundRevokeDecline" duration-ms="698" finished-at="12:47:57 PM" name="navToPendingTabTest" sequence="94" started-at="12:47:56 PM" status="PASS"><parameters><parameter index="1"><value>P​E​N​D​I​N​G​</value></parameter></parameters></test-method><test-method class="RefundRevokeDecline" duration-ms="625" finished-at="12:47:58 PM" name="searchForPendingPaymentTest" sequence="95" started-at="12:47:57 PM" status="PASS"><parameters><parameter index="1"><value>2​0​1​7​-​0​6​-​2​0​</value></parameter><parameter index="2"><value>2​0​1​7​-​0​6​-​2​1​</value></parameter></parameters></test-method><test-method class="RefundRevokeDecline" duration-ms="4021" finished-at="12:48:02 PM" name="clickDeclineTest" sequence="96" started-at="12:47:58 PM" status="PASS"><parameters><parameter index="1"><value>0​</value></parameter></parameters></test-method></test><history historystatus="N/A" runtimedate="N/A"/></suite></test-run-result>