<?xml version="1.0" encoding="UTF-8"?>
<!-- Generated by org.testng.reporters.JUnitReportReporter -->
<testsuite hostname="AKSHI-PC" name="com.guru.testing.tests.FLLogin" tests="5" failures="0" timestamp="19 Jun 2017 10:45:42 GMT" time="25.940" errors="0">
  <testcase name="enterUsernameAndPasswordTest" time="0.365" classname="com.guru.testing.tests.FLLogin"/>
  <testcase name="verifyDashboardPageTest" time="0.263" classname="com.guru.testing.tests.FLLogin"/>
  <testcase name="validateSecurityTest" time="9.363" classname="com.guru.testing.tests.FLLogin"/>
  <testcase name="clickSignInTest" time="5.699" classname="com.guru.testing.tests.FLLogin"/>
  <testcase name="verifyAndSkipPhoneVerificationTest" time="10.250" classname="com.guru.testing.tests.FLLogin"/>
</testsuite> <!-- com.guru.testing.tests.FLLogin -->
