<?xml version="1.0" encoding="UTF-8"?>
<!-- Generated by org.testng.reporters.JUnitReportReporter -->
<testsuite hostname="AKSHI-PC" name="com.guru.testing.tests.Test1" tests="1" failures="0" timestamp="12 Jun 2017 12:05:49 GMT" time="24.570" errors="0">
  <testcase name="removeAllTest" time="24.570" classname="com.guru.testing.tests.Test1"/>
</testsuite> <!-- com.guru.testing.tests.Test1 -->
