<?xml version="1.0" encoding="UTF-8"?>
<!-- Generated by org.testng.reporters.JUnitReportReporter -->
<testsuite hostname="AKSHI-PC" name="com.guru.testing.tests.LaunchApplication" tests="1" failures="0" timestamp="21 Jun 2017 07:18:10 GMT" time="8.244" errors="0">
  <testcase name="navigateToUrlTest" time="8.244" classname="com.guru.testing.tests.LaunchApplication"/>
</testsuite> <!-- com.guru.testing.tests.LaunchApplication -->
