<?xml version="1.0" encoding="UTF-8"?>
<!-- Generated by org.testng.reporters.JUnitReportReporter -->
<testsuite hostname="AKSHI-PC" name="com.guru.testing.tests.CreateNewFL" tests="4" failures="0" timestamp="19 Jun 2017 07:35:33 GMT" time="30.995" errors="0">
  <testcase name="goToCreateNewUsersTest" time="3.977" classname="com.guru.testing.tests.CreateNewFL"/>
  <testcase name="goToAccountTest" time="5.676" classname="com.guru.testing.tests.CreateNewFL"/>
  <testcase name="addContactInfoTest" time="11.548" classname="com.guru.testing.tests.CreateNewFL"/>
  <testcase name="createFLUserTest" time="9.794" classname="com.guru.testing.tests.CreateNewFL"/>
</testsuite> <!-- com.guru.testing.tests.CreateNewFL -->
