<?xml version="1.0" encoding="UTF-8"?>
<!-- Generated by org.testng.reporters.JUnitReportReporter -->
<testsuite hostname="AKSHI-PC" name="com.guru.testing.tests.AddAllEMPPaymentMethods" tests="2" failures="0" timestamp="14 Jun 2017 06:44:00 GMT" time="305.795" errors="0">
  <testcase name="addBankAccountEMPTest" time="288.452" classname="com.guru.testing.tests.AddAllEMPPaymentMethods"/>
  <testcase name="goToEMPPaymentsTest" time="17.343" classname="com.guru.testing.tests.AddAllEMPPaymentMethods"/>
</testsuite> <!-- com.guru.testing.tests.AddAllEMPPaymentMethods -->
