<?xml version="1.0" encoding="UTF-8"?>
<!-- Generated by org.testng.reporters.JUnitReportReporter -->
<testsuite hostname="AKSHI-PC" name="com.guru.testing.tests.AddAllTransferMethods" tests="2" failures="0" timestamp="8 Jun 2017 11:51:51 GMT" time="80.954" errors="0">
  <testcase name="goToFLPaymentsTest" time="19.682" classname="com.guru.testing.tests.AddAllTransferMethods"/>
  <testcase name="addCreditCardsTestFL" time="61.272" classname="com.guru.testing.tests.AddAllTransferMethods"/>
</testsuite> <!-- com.guru.testing.tests.AddAllTransferMethods -->
