<?xml version="1.0" encoding="UTF-8"?>
<!-- Generated by org.testng.reporters.JUnitReportReporter -->
<testsuite hostname="AKSHI-PC" name="com.guru.testing.tests.AddAllFLTransferMethods" tests="2" failures="0" timestamp="9 Jun 2017 09:54:32 GMT" time="152.554" errors="0">
  <testcase name="addCreditCardsFLTest" time="133.977" classname="com.guru.testing.tests.AddAllFLTransferMethods"/>
  <testcase name="goToFLPaymentsTest" time="18.577" classname="com.guru.testing.tests.AddAllFLTransferMethods"/>
</testsuite> <!-- com.guru.testing.tests.AddAllFLTransferMethods -->
