<?xml version="1.0" encoding="UTF-8"?>
<!-- Generated by org.testng.reporters.JUnitReportReporter -->
<testsuite hostname="AKSHI-PC" name="com.guru.testing.tests.CreateNewEMP" tests="4" failures="0" timestamp="14 Jun 2017 06:44:00 GMT" time="30.522" errors="0">
  <testcase name="createEMPUserTest" time="8.572" classname="com.guru.testing.tests.CreateNewEMP"/>
  <testcase name="goToAccountTest" time="10.537" classname="com.guru.testing.tests.CreateNewEMP"/>
  <testcase name="goToCreateNewUsersTest" time="4.664" classname="com.guru.testing.tests.CreateNewEMP"/>
  <testcase name="goToEMPDashboard" time="6.749" classname="com.guru.testing.tests.CreateNewEMP"/>
</testsuite> <!-- com.guru.testing.tests.CreateNewEMP -->
