<?xml version="1.0" encoding="UTF-8"?>
<!-- Generated by org.testng.reporters.JUnitReportReporter -->
<testsuite hostname="AKSHI-PC" name="com.guru.testing.tests.EMPLogin" tests="5" failures="0" timestamp="21 Jun 2017 07:18:10 GMT" time="39.068" errors="0">
  <testcase name="clickSignInTest" time="8.162" classname="com.guru.testing.tests.EMPLogin"/>
  <testcase name="verifyDashboardPageTest" time="0.238" classname="com.guru.testing.tests.EMPLogin"/>
  <testcase name="enterUsernameAndPasswordTest" time="0.353" classname="com.guru.testing.tests.EMPLogin"/>
  <testcase name="validateSecurityTest" time="9.805" classname="com.guru.testing.tests.EMPLogin"/>
  <testcase name="verifyAndSkipPhoneVerificationTest" time="20.510" classname="com.guru.testing.tests.EMPLogin"/>
</testsuite> <!-- com.guru.testing.tests.EMPLogin -->
