<?xml version="1.0" encoding="UTF-8"?>
<!-- Generated by org.testng.reporters.JUnitReportReporter -->
<testsuite hostname="AKSHI-PC" name="com.guru.testing.tests.AdminLogin" tests="3" failures="0" timestamp="19 Jun 2017 07:35:33 GMT" time="5.407" errors="0">
  <testcase name="verifyAdminLoginPageTest" time="0.156" classname="com.guru.testing.tests.AdminLogin"/>
  <testcase name="clickLoginTest" time="5.036" classname="com.guru.testing.tests.AdminLogin"/>
  <testcase name="enterUsernamePasswordTest" time="0.215" classname="com.guru.testing.tests.AdminLogin"/>
</testsuite> <!-- com.guru.testing.tests.AdminLogin -->
