<?xml version="1.0" encoding="UTF-8"?>
<!-- Generated by org.testng.reporters.JUnitReportReporter -->
<testsuite hostname="AKSHI-PC" name="com.guru.testing.tests.RefundRevokeCancel" tests="69" failures="0" timestamp="21 Jun 2017 06:10:42 GMT" time="405.291" errors="0">
  <testcase name="verifyInvoicePayNowPageTest" time="6.149" classname="com.guru.testing.tests.RefundRevokeCancel"/>
  <testcase name="sendInvoiceTest" time="2.074" classname="com.guru.testing.tests.RefundRevokeCancel"/>
  <testcase name="goToWorkroomTest" time="4.449" classname="com.guru.testing.tests.RefundRevokeCancel"/>
  <testcase name="hireTheFLTest" time="8.116" classname="com.guru.testing.tests.RefundRevokeCancel"/>
  <testcase name="verifyDashEMPTest" time="0.265" classname="com.guru.testing.tests.RefundRevokeCancel"/>
  <testcase name="verifyHirePageAgainTest" time="2.679" classname="com.guru.testing.tests.RefundRevokeCancel"/>
  <testcase name="signOutEMPTest" time="17.257" classname="com.guru.testing.tests.RefundRevokeCancel"/>
  <testcase name="launchAdminSiteTest" time="0.965" classname="com.guru.testing.tests.RefundRevokeCancel"/>
  <testcase name="verifyFLDashTest" time="0.210" classname="com.guru.testing.tests.RefundRevokeCancel"/>
  <testcase name="verifyJobPostSuccessTest" time="26.148" classname="com.guru.testing.tests.RefundRevokeCancel"/>
  <testcase name="clickPostJobTest" time="0.067" classname="com.guru.testing.tests.RefundRevokeCancel"/>
  <testcase name="goToPendingTabTest" time="0.684" classname="com.guru.testing.tests.RefundRevokeCancel"/>
  <testcase name="verifyInvoicePageTest" time="0.302" classname="com.guru.testing.tests.RefundRevokeCancel"/>
  <testcase name="verifyAdminLoginPageTest" time="0.105" classname="com.guru.testing.tests.RefundRevokeCancel"/>
  <testcase name="submitQuoteTest" time="0.073" classname="com.guru.testing.tests.RefundRevokeCancel"/>
  <testcase name="verifyFLWorkroomTest" time="0.227" classname="com.guru.testing.tests.RefundRevokeCancel"/>
  <testcase name="verifyQuoteSubmittedTest" time="5.667" classname="com.guru.testing.tests.RefundRevokeCancel"/>
  <testcase name="verifyInvoicePaidTest" time="6.224" classname="com.guru.testing.tests.RefundRevokeCancel"/>
  <testcase name="verifyLoginPageTwoTest" time="0.147" classname="com.guru.testing.tests.RefundRevokeCancel"/>
  <testcase name="clickApplyTest" time="0.052" classname="com.guru.testing.tests.RefundRevokeCancel"/>
  <testcase name="verifyFLLoggedInTest" time="25.170" classname="com.guru.testing.tests.RefundRevokeCancel"/>
  <testcase name="craftMilestoneQuoteTest" time="2.095" classname="com.guru.testing.tests.RefundRevokeCancel"/>
  <testcase name="verifyFreeLLoggedInTest" time="14.371" classname="com.guru.testing.tests.RefundRevokeCancel"/>
  <testcase name="signOutEmployerTest" time="8.456" classname="com.guru.testing.tests.RefundRevokeCancel"/>
  <testcase name="verifyLoginPageThreeTest" time="0.145" classname="com.guru.testing.tests.RefundRevokeCancel"/>
  <testcase name="verifyFLInvoicePageTest" time="4.014" classname="com.guru.testing.tests.RefundRevokeCancel"/>
  <testcase name="verifyJobDetailsPageTest" time="1.291" classname="com.guru.testing.tests.RefundRevokeCancel"/>
  <testcase name="loginEMPTest" time="0.212" classname="com.guru.testing.tests.RefundRevokeCancel"/>
  <testcase name="selectECheckAndAgreeTermsTest" time="0.091" classname="com.guru.testing.tests.RefundRevokeCancel"/>
  <testcase name="verifyEMPDashTest" time="0.238" classname="com.guru.testing.tests.RefundRevokeCancel"/>
  <testcase name="signOutFLTest" time="7.269" classname="com.guru.testing.tests.RefundRevokeCancel"/>
  <testcase name="loginAsFLTest" time="0.232" classname="com.guru.testing.tests.RefundRevokeCancel"/>
  <testcase name="signOutFreeLTest" time="6.098" classname="com.guru.testing.tests.RefundRevokeCancel"/>
  <testcase name="verifyFLDashboardTest" time="0.195" classname="com.guru.testing.tests.RefundRevokeCancel"/>
  <testcase name="clickPayTest" time="0.082" classname="com.guru.testing.tests.RefundRevokeCancel"/>
  <testcase name="verifyFeatureJobPayNowPageTest" time="13.647" classname="com.guru.testing.tests.RefundRevokeCancel"/>
  <testcase name="verifyLoginPageOneTest" time="0.134" classname="com.guru.testing.tests.RefundRevokeCancel"/>
  <testcase name="goToAcceptApproveTest" time="2.102" classname="com.guru.testing.tests.RefundRevokeCancel"/>
  <testcase name="clickApproveTest" time="37.373" classname="com.guru.testing.tests.RefundRevokeCancel"/>
  <testcase name="goToPostAJobPageTest" time="4.097" classname="com.guru.testing.tests.RefundRevokeCancel"/>
  <testcase name="clickPayTabTest" time="3.124" classname="com.guru.testing.tests.RefundRevokeCancel"/>
  <testcase name="loginToAdminTest" time="8.758" classname="com.guru.testing.tests.RefundRevokeCancel"/>
  <testcase name="enterJobDetailsTest" time="22.656" classname="com.guru.testing.tests.RefundRevokeCancel"/>
  <testcase name="loginAsEMPTest" time="0.202" classname="com.guru.testing.tests.RefundRevokeCancel"/>
  <testcase name="agreeToPayCheckTest" time="0.065" classname="com.guru.testing.tests.RefundRevokeCancel"/>
  <testcase name="clickSendInvoiceTest" time="9.848" classname="com.guru.testing.tests.RefundRevokeCancel"/>
  <testcase name="verifyHirePageTest" time="11.641" classname="com.guru.testing.tests.RefundRevokeCancel"/>
  <testcase name="launchTinyUrlTest" time="7.880" classname="com.guru.testing.tests.RefundRevokeCancel"/>
  <testcase name="logOutEMPTest" time="9.433" classname="com.guru.testing.tests.RefundRevokeCancel"/>
  <testcase name="verifyLoginPageFifthTest" time="0.150" classname="com.guru.testing.tests.RefundRevokeCancel"/>
  <testcase name="goToJobHirePageTest" time="9.657" classname="com.guru.testing.tests.RefundRevokeCancel"/>
  <testcase name="payInvoiceTest" time="0.080" classname="com.guru.testing.tests.RefundRevokeCancel"/>
  <testcase name="verifyAdminApprovePaymentsPage" time="1.250" classname="com.guru.testing.tests.RefundRevokeCancel"/>
  <testcase name="loginAsFreeLTest" time="0.214" classname="com.guru.testing.tests.RefundRevokeCancel"/>
  <testcase name="verifyAdminHomePageTest" time="0.061" classname="com.guru.testing.tests.RefundRevokeCancel"/>
  <testcase name="clickRevokeTest" time="40.708" classname="com.guru.testing.tests.RefundRevokeCancel"/>
  <testcase name="clickPayInvoiceTest" time="3.770" classname="com.guru.testing.tests.RefundRevokeCancel"/>
  <testcase name="verifyInvoiceDetailsPageTest" time="11.727" classname="com.guru.testing.tests.RefundRevokeCancel"/>
  <testcase name="verifyCreateInvoicePageTest" time="9.972" classname="com.guru.testing.tests.RefundRevokeCancel"/>
  <testcase name="findPendingPaymentTest" time="1.635" classname="com.guru.testing.tests.RefundRevokeCancel"/>
  <testcase name="goToJobHirePageAgainTest" time="3.647" classname="com.guru.testing.tests.RefundRevokeCancel"/>
  <testcase name="verifyApplyQuoteFormTest" time="6.521" classname="com.guru.testing.tests.RefundRevokeCancel"/>
  <testcase name="verifyEMPLoggedInTest" time="10.513" classname="com.guru.testing.tests.RefundRevokeCancel"/>
  <testcase name="verifyPostAJobPageTest" time="0.884" classname="com.guru.testing.tests.RefundRevokeCancel"/>
  <testcase name="verifyLoginPageFourthTest" time="0.120" classname="com.guru.testing.tests.RefundRevokeCancel"/>
  <testcase name="clickUnpaidInvoiceTest" time="0.250" classname="com.guru.testing.tests.RefundRevokeCancel"/>
  <testcase name="verifyEMPLogInTest" time="15.350" classname="com.guru.testing.tests.RefundRevokeCancel"/>
  <testcase name="enterInvoiceDetailsTest" time="2.215" classname="com.guru.testing.tests.RefundRevokeCancel"/>
  <testcase name="goToCompletedTabTest" time="3.788" classname="com.guru.testing.tests.RefundRevokeCancel"/>
</testsuite> <!-- com.guru.testing.tests.RefundRevokeCancel -->
