<?xml version="1.0" encoding="UTF-8"?>
<!-- Generated by org.testng.reporters.JUnitReportReporter -->
<testsuite hostname="AKSHI-PC" name="com.guru.testing.tests.SubmitAllTypeOfQuotes" tests="20" failures="0" timestamp="19 Jun 2017 07:35:33 GMT" time="778.674" errors="0">
  <testcase name="craftFourthQuoteTest" time="14.009" classname="com.guru.testing.tests.SubmitAllTypeOfQuotes"/>
  <testcase name="goToFirstJobTest" time="26.241" classname="com.guru.testing.tests.SubmitAllTypeOfQuotes"/>
  <testcase name="switchToFindJobsTest" time="2.349" classname="com.guru.testing.tests.SubmitAllTypeOfQuotes"/>
  <testcase name="craftFirstQuoteTest" time="4.497" classname="com.guru.testing.tests.SubmitAllTypeOfQuotes"/>
  <testcase name="craftFifthQuoteTest" time="18.688" classname="com.guru.testing.tests.SubmitAllTypeOfQuotes"/>
  <testcase name="submitFifthQuoteTest" time="5.367" classname="com.guru.testing.tests.SubmitAllTypeOfQuotes"/>
  <testcase name="submitSecondQuoteTest" time="1.506" classname="com.guru.testing.tests.SubmitAllTypeOfQuotes"/>
  <testcase name="navToFindJobsTest" time="2.723" classname="com.guru.testing.tests.SubmitAllTypeOfQuotes"/>
  <testcase name="submitFourthQuoteTest" time="5.663" classname="com.guru.testing.tests.SubmitAllTypeOfQuotes"/>
  <testcase name="goToFifthJobTest" time="11.986" classname="com.guru.testing.tests.SubmitAllTypeOfQuotes"/>
  <testcase name="goToSecondJobTest" time="33.035" classname="com.guru.testing.tests.SubmitAllTypeOfQuotes"/>
  <testcase name="craftThirdQuoteTest" time="604.893" classname="com.guru.testing.tests.SubmitAllTypeOfQuotes"/>
  <testcase name="goToFourthJobTest" time="14.424" classname="com.guru.testing.tests.SubmitAllTypeOfQuotes"/>
  <testcase name="navigateToFindJobsTest" time="5.007" classname="com.guru.testing.tests.SubmitAllTypeOfQuotes"/>
  <testcase name="moveToFindJobsTest" time="2.659" classname="com.guru.testing.tests.SubmitAllTypeOfQuotes"/>
  <testcase name="goToFindJobsTest" time="2.516" classname="com.guru.testing.tests.SubmitAllTypeOfQuotes"/>
  <testcase name="submitThirdQuoteTest" time="5.675" classname="com.guru.testing.tests.SubmitAllTypeOfQuotes"/>
  <testcase name="submitFirstQuoteTest" time="1.248" classname="com.guru.testing.tests.SubmitAllTypeOfQuotes"/>
  <testcase name="goToThirdJobTest" time="10.185" classname="com.guru.testing.tests.SubmitAllTypeOfQuotes"/>
  <testcase name="craftSecondQuoteTest" time="6.003" classname="com.guru.testing.tests.SubmitAllTypeOfQuotes"/>
</testsuite> <!-- com.guru.testing.tests.SubmitAllTypeOfQuotes -->
