<?xml version="1.0" encoding="UTF-8"?>
<!-- Generated by org.testng.reporters.JUnitReportReporter -->
<testsuite hostname="AKSHI-PC" name="com.guru.testing.tests.AddTeamMemberFL" tests="16" failures="0" timestamp="19 Jun 2017 10:45:42 GMT" time="186.363" errors="0">
  <testcase name="verifyRequestSentTest" time="5.398" classname="com.guru.testing.tests.AddTeamMemberFL"/>
  <testcase name="navigateToInboxTwoTest" time="9.567" classname="com.guru.testing.tests.AddTeamMemberFL"/>
  <testcase name="goToAWorkroomTest" time="4.326" classname="com.guru.testing.tests.AddTeamMemberFL"/>
  <testcase name="signOutSecondMemberTest" time="2.591" classname="com.guru.testing.tests.AddTeamMemberFL"/>
  <testcase name="removeMembersAddedTest" time="54.417" classname="com.guru.testing.tests.AddTeamMemberFL"/>
  <testcase name="addTeamMemberTest" time="41.781" classname="com.guru.testing.tests.AddTeamMemberFL"/>
  <testcase name="verifyTeamMembersAddedTest" time="2.385" classname="com.guru.testing.tests.AddTeamMemberFL"/>
  <testcase name="AcceptInviteOneTest" time="9.704" classname="com.guru.testing.tests.AddTeamMemberFL"/>
  <testcase name="navigateToInboxOneTest" time="19.318" classname="com.guru.testing.tests.AddTeamMemberFL"/>
  <testcase name="verifySwitchBoardOneTest" time="6.175" classname="com.guru.testing.tests.AddTeamMemberFL"/>
  <testcase name="signOutFirstMemberTest" time="2.851" classname="com.guru.testing.tests.AddTeamMemberFL"/>
  <testcase name="loginFLTest" time="4.542" classname="com.guru.testing.tests.AddTeamMemberFL"/>
  <testcase name="goToAWorkroomAgainTest" time="2.429" classname="com.guru.testing.tests.AddTeamMemberFL"/>
  <testcase name="AcceptInviteTwoTest" time="12.502" classname="com.guru.testing.tests.AddTeamMemberFL"/>
  <testcase name="verifySwitchBoardTwoTest" time="5.118" classname="com.guru.testing.tests.AddTeamMemberFL"/>
  <testcase name="goBacktoDashboardTest" time="3.259" classname="com.guru.testing.tests.AddTeamMemberFL"/>
</testsuite> <!-- com.guru.testing.tests.AddTeamMemberFL -->
