<?xml version="1.0" encoding="UTF-8"?><test-run-result duration-ms="377017" failed="0" failed-duration-ms="0" finished-at="16/06/2017 10:21:32 AM" passed="105" passed-duration-ms="371820" skipped="0" skipped-duration-ms="0" started-at="16/06/2017 10:15:14 AM" status="PASS" total="105"><suite duration-ms="377017" failed="0" failed-duration-ms="0" finished-at="16/06/2017 10:21:32 AM" name="Sanity Collaborate Emp Workroom" passed="105" passed-duration-ms="371820" reportName="SANITY017_COLLABORATE_EMP_WORKROOM" skipped="0" skipped-duration-ms="0" started-at="16/06/2017 10:15:14 AM" status="PASS" testDescription="" total="105" verbosity="-1-2-8-32-"><test duration-ms="53891" failed="0" failed-duration-ms="0" finished-at="16/06/2017 10:16:08 AM" name="1. Login as Employer. And click 'Post a Job'." passed="10" passed-duration-ms="48778" skipped="0" skipped-duration-ms="0" started-at="16/06/2017 10:15:14 AM" status="PASS" total="10"><test-method class="LaunchApplicationPageTest" duration-ms="4198" finished-at="10:15:24 AM" name="navigateToUrlTest" sequence="1" started-at="10:15:19 AM" status="PASS"><parameters><parameter index="1"><value>h​t​t​p​s​:​/​/​q​a​.​g​u​r​u​.​c​o​m​/​l​o​g​i​n​.​a​s​p​x​</value></parameter></parameters></test-method><test-method class="LoginPageTest" duration-ms="148" finished-at="10:15:24 AM" name="verifyLoginPageTest" sequence="2" started-at="10:15:24 AM" status="PASS"/><test-method class="LoginPageTest" duration-ms="115" finished-at="10:15:24 AM" name="enterEmailOrUsernameTest" sequence="3" started-at="10:15:24 AM" status="PASS"><parameters><parameter index="1"><value>g​u​r​u​e​m​p​l​o​y​e​r​0​0​1​@​m​a​i​l​i​n​a​t​o​r​.​c​o​m​</value></parameter></parameters></test-method><test-method class="LoginPageTest" duration-ms="93" finished-at="10:15:24 AM" name="enterPasswordTest" sequence="4" started-at="10:15:24 AM" status="PASS"><parameters><parameter index="1"><value>1​2​3​4​5​6​7​8​</value></parameter></parameters></test-method><test-method class="LoginPageTest" duration-ms="20463" finished-at="10:15:44 AM" name="clickSignInButtonTest" sequence="5" started-at="10:15:24 AM" status="PASS"/><test-method class="SecurityQuestionsPageTest" duration-ms="9712" finished-at="10:15:54 AM" name="validateSecurityQuestionsPageTest" sequence="6" started-at="10:15:44 AM" status="PASS"/><test-method class="PhoneVerificationPageTest" duration-ms="5159" finished-at="10:15:59 AM" name="verifyPhoneVerificationPageTest" sequence="7" started-at="10:15:54 AM" status="PASS"/><test-method class="PhoneVerificationPageTest" duration-ms="5135" finished-at="10:16:04 AM" name="verifySkipThisForNowLinkTest" sequence="8" started-at="10:15:59 AM" status="PASS"/><test-method class="DashboardPageTest" duration-ms="249" finished-at="10:16:05 AM" name="verifyEMPDashboardPageTest" sequence="9" started-at="10:16:04 AM" status="PASS"/><test-method class="DashboardPageTest" duration-ms="3506" finished-at="10:16:08 AM" name="clickPostAJobTopNavTest" sequence="10" started-at="10:16:05 AM" status="PASS"/></test><history historystatus="N/A" runtimedate="N/A"/><test duration-ms="79861" failed="0" failed-duration-ms="0" finished-at="16/06/2017 10:17:28 AM" name="2. Post a featured job." passed="20" passed-duration-ms="79843" skipped="0" skipped-duration-ms="0" started-at="16/06/2017 10:16:08 AM" status="PASS" total="20"><test-method class="PostAJobPageTest" duration-ms="936" finished-at="10:16:09 AM" name="verifyPostAJobPageTest" sequence="1" started-at="10:16:08 AM" status="PASS"/><test-method class="PostAJobPageTest" duration-ms="292" finished-at="10:16:09 AM" name="enterRandomJobTitleTest" sequence="2" started-at="10:16:09 AM" status="PASS"/><test-method class="PostAJobPageTest" duration-ms="6536" finished-at="10:16:16 AM" name="enterJobDescriptionTest" sequence="3" started-at="10:16:09 AM" status="PASS"><parameters><parameter index="1"><value>T​e​s​t​ ​P​r​o​j​e​c​t​ ​T​i​t​l​e​,​ ​t​e​s​t​i​n​g​.​ ​T​e​s​t​ ​P​r​o​j​e​c​t​ ​T​i​t​l​e​,​ ​t​e​s​t​i​n​g​.​ ​T​e​s​t​ ​P​r​o​j​e​c​t​ ​T​i​t​l​e​,​ ​t​e​s​t​i​n​g​.​ ​T​e​s​t​ ​P​r​o​j​e​c​t​ ​T​i​t​l​e​,​ ​t​e​s​t​i​n​g​.​ ​T​e​s​t​ ​P​r​o​j​e​c​t​ ​T​i​t​l​e​,​ ​t​e​s​t​i​n​g​.​</value></parameter></parameters></test-method><test-method class="PostAJobPageTest" duration-ms="119" finished-at="10:16:16 AM" name="clickWebCategoryTest" sequence="4" started-at="10:16:16 AM" status="PASS"/><test-method class="PostAJobPageTest" duration-ms="11018" finished-at="10:16:27 AM" name="enterKeywordsTest" sequence="5" started-at="10:16:16 AM" status="PASS"><parameters><parameter index="1"><value>t​e​s​t​i​n​g​</value></parameter></parameters></test-method><test-method class="PostAJobPageTest" duration-ms="99" finished-at="10:16:27 AM" name="clickCountryRadioButtonTest" sequence="6" started-at="10:16:27 AM" status="PASS"/><test-method class="PostAJobPageTest" duration-ms="5346" finished-at="10:16:33 AM" name="enterCountryNameTest" sequence="7" started-at="10:16:27 AM" status="PASS"><parameters><parameter index="1"><value>I​n​d​i​a​</value></parameter></parameters></test-method><test-method class="PostAJobPageTest" duration-ms="163" finished-at="10:16:33 AM" name="selectFixedPriceBudgetTest" sequence="8" started-at="10:16:33 AM" status="PASS"><parameters><parameter index="1"><value>U​n​d​e​r​ ​$​2​5​0​</value></parameter></parameters></test-method><test-method class="PostAJobPageTest" duration-ms="62" finished-at="10:16:33 AM" name="clickFeatureMyJobTest" sequence="9" started-at="10:16:33 AM" status="PASS"/><test-method class="PostAJobPageTest" duration-ms="15749" finished-at="10:16:49 AM" name="clickPostJobButtonTest" sequence="10" started-at="10:16:33 AM" status="PASS"/><test-method class="PayNowPageTest" duration-ms="1032" finished-at="10:16:50 AM" name="verifyPayForFeaturingJobTest" sequence="11" started-at="10:16:49 AM" status="PASS"/><test-method class="PayNowPageTest" duration-ms="197" finished-at="10:16:50 AM" name="verifyPaymentMethodTest" sequence="12" started-at="10:16:50 AM" status="PASS"><parameters><parameter index="1"><value>P​A​Y​_​P​A​L​</value></parameter></parameters></test-method><test-method class="PayNowPageTest" duration-ms="91" finished-at="10:16:50 AM" name="selectAgreeToPayCheckboxTest" sequence="13" started-at="10:16:50 AM" status="PASS"/><test-method class="PayNowPageTest" duration-ms="105" finished-at="10:16:50 AM" name="clickToPayTest" sequence="14" started-at="10:16:50 AM" status="PASS"/><test-method class="PayNowPageTest" duration-ms="9961" finished-at="10:17:00 AM" name="verifyJobPostedTest" sequence="15" started-at="10:16:50 AM" status="PASS"/><test-method class="DashboardPageTest" duration-ms="2409" finished-at="10:17:02 AM" name="clickDashboardTopNavTest" sequence="16" started-at="10:17:00 AM" status="PASS"/><test-method class="DashboardPageTest" duration-ms="203" finished-at="10:17:03 AM" name="verifyEMPDashboardPageTest" sequence="17" started-at="10:17:02 AM" status="PASS"/><test-method class="DashboardPageTest" duration-ms="6727" finished-at="10:17:09 AM" name="clickRandomJobnamePostedTest" sequence="18" started-at="10:17:03 AM" status="PASS"/><test-method class="HirePageTest" duration-ms="5447" finished-at="10:17:15 AM" name="verifyQuotesPageTest" sequence="19" started-at="10:17:09 AM" status="PASS"/><test-method class="HirePageTest" duration-ms="13351" finished-at="10:17:28 AM" name="getTinyURLTest" sequence="20" started-at="10:17:15 AM" status="PASS"/></test><history historystatus="N/A" runtimedate="N/A"/><test duration-ms="4654" failed="0" failed-duration-ms="0" finished-at="16/06/2017 10:17:33 AM" name="2.5 Sign out EMP." passed="1" passed-duration-ms="4654" skipped="0" skipped-duration-ms="0" started-at="16/06/2017 10:17:28 AM" status="PASS" total="1"><test-method class="DashboardPageTest" duration-ms="4654" finished-at="10:17:33 AM" name="signOutEmployerTest" sequence="1" started-at="10:17:28 AM" status="PASS"/></test><history historystatus="N/A" runtimedate="N/A"/><test duration-ms="50770" failed="0" failed-duration-ms="0" finished-at="16/06/2017 10:18:24 AM" name="3. Login as FL. Go to the job posted, and submit quote." passed="16" passed-duration-ms="50752" skipped="0" skipped-duration-ms="0" started-at="16/06/2017 10:17:33 AM" status="PASS" total="16"><test-method class="LoginPageTest" duration-ms="123" finished-at="10:17:33 AM" name="verifyLoginPageTest" sequence="1" started-at="10:17:33 AM" status="PASS"/><test-method class="LoginPageTest" duration-ms="123" finished-at="10:17:33 AM" name="enterEmailOrUsernameTest" sequence="2" started-at="10:17:33 AM" status="PASS"><parameters><parameter index="1"><value>g​u​r​u​f​r​e​e​l​a​n​c​e​r​0​0​1​@​m​a​i​l​i​n​a​t​o​r​.​c​o​m​</value></parameter></parameters></test-method><test-method class="LoginPageTest" duration-ms="96" finished-at="10:17:33 AM" name="enterPasswordTest" sequence="3" started-at="10:17:33 AM" status="PASS"><parameters><parameter index="1"><value>1​2​3​4​5​6​7​8​</value></parameter></parameters></test-method><test-method class="LoginPageTest" duration-ms="3223" finished-at="10:17:36 AM" name="clickSignInButtonTest" sequence="4" started-at="10:17:33 AM" status="PASS"/><test-method class="SecurityQuestionsPageTest" duration-ms="11198" finished-at="10:17:48 AM" name="validateSecurityQuestionsPageTest" sequence="5" started-at="10:17:36 AM" status="PASS"/><test-method class="PhoneVerificationPageTest" duration-ms="5118" finished-at="10:17:53 AM" name="verifyPhoneVerificationPageTest" sequence="6" started-at="10:17:48 AM" status="PASS"/><test-method class="PhoneVerificationPageTest" duration-ms="5119" finished-at="10:17:58 AM" name="verifySkipThisForNowLinkTest" sequence="7" started-at="10:17:53 AM" status="PASS"/><test-method class="DashboardPageTest" duration-ms="257" finished-at="10:17:58 AM" name="verifyFLDashboardPageTest" sequence="8" started-at="10:17:58 AM" status="PASS"/><test-method class="DashboardPageTest" duration-ms="7092" finished-at="10:18:05 AM" name="launchTinyURLTest" sequence="9" started-at="10:17:58 AM" status="PASS"/><test-method class="JobDetailsPageTest" duration-ms="1475" finished-at="10:18:07 AM" name="verifyJobDetailsPageTest" sequence="10" started-at="10:18:05 AM" status="PASS"/><test-method class="JobDetailsPageTest" duration-ms="52" finished-at="10:18:07 AM" name="clickApplyTest" sequence="11" started-at="10:18:07 AM" status="PASS"/><test-method class="JobDetailsPageTest" duration-ms="8760" finished-at="10:18:15 AM" name="verifyApplyQuotesFormTest" sequence="12" started-at="10:18:07 AM" status="PASS"/><test-method class="JobDetailsPageTest" duration-ms="75" finished-at="10:18:15 AM" name="selectAgreementTypeTest" sequence="13" started-at="10:18:15 AM" status="PASS"><parameters><parameter index="1"><value>F​i​x​e​d​ ​P​r​i​c​e​ ​b​y​ ​m​i​l​e​s​t​o​n​e​</value></parameter></parameters></test-method><test-method class="JobDetailsPageTest" duration-ms="1646" finished-at="10:18:17 AM" name="enterMilestonesTest" sequence="14" started-at="10:18:15 AM" status="PASS"><parameters><parameter index="1"><value>1​</value></parameter><parameter index="2"><value>A​u​t​o​ ​M​i​l​e​ ​1​</value></parameter><parameter index="3"><value>0​1​-​1​2​-​2​0​1​8​</value></parameter><parameter index="4"><value>5​0​</value></parameter></parameters></test-method><test-method class="JobDetailsPageTest" duration-ms="86" finished-at="10:18:17 AM" name="clickToSubmitQuoteTest" sequence="15" started-at="10:18:17 AM" status="PASS"/><test-method class="JobDetailsPageTest" duration-ms="6309" finished-at="10:18:24 AM" name="verifyQuoteSubmittedTest" sequence="16" started-at="10:18:17 AM" status="PASS"/></test><history historystatus="N/A" runtimedate="N/A"/><test duration-ms="6881" failed="0" failed-duration-ms="0" finished-at="16/06/2017 10:18:30 AM" name="3.5 Log out FL" passed="1" passed-duration-ms="6879" skipped="0" skipped-duration-ms="0" started-at="16/06/2017 10:18:24 AM" status="PASS" total="1"><test-method class="DashboardPageTest" duration-ms="6879" finished-at="10:18:30 AM" name="signOutFlTest" sequence="1" started-at="10:18:24 AM" status="PASS"/></test><history historystatus="N/A" runtimedate="N/A"/><test duration-ms="87297" failed="0" failed-duration-ms="0" finished-at="16/06/2017 10:19:58 AM" name="4. Login as EMP. And Hire the FL. go to Workroom, and verify navigation tabs in it. Go to File folder, and added file(s) " passed="22" passed-duration-ms="87275" skipped="0" skipped-duration-ms="0" started-at="16/06/2017 10:18:30 AM" status="PASS" total="22"><test-method class="LoginPageTest" duration-ms="129" finished-at="10:18:31 AM" name="verifyLoginPageTest" sequence="1" started-at="10:18:30 AM" status="PASS"/><test-method class="LoginPageTest" duration-ms="121" finished-at="10:18:31 AM" name="enterEmailOrUsernameTest" sequence="2" started-at="10:18:31 AM" status="PASS"><parameters><parameter index="1"><value>g​u​r​u​e​m​p​l​o​y​e​r​0​0​1​@​m​a​i​l​i​n​a​t​o​r​.​c​o​m​</value></parameter></parameters></test-method><test-method class="LoginPageTest" duration-ms="91" finished-at="10:18:31 AM" name="enterPasswordTest" sequence="3" started-at="10:18:31 AM" status="PASS"><parameters><parameter index="1"><value>1​2​3​4​5​6​7​8​</value></parameter></parameters></test-method><test-method class="LoginPageTest" duration-ms="10014" finished-at="10:18:41 AM" name="clickSignInButtonTest" sequence="4" started-at="10:18:31 AM" status="PASS"/><test-method class="SecurityQuestionsPageTest" duration-ms="5102" finished-at="10:18:46 AM" name="validateSecurityQuestionsPageTest" sequence="5" started-at="10:18:41 AM" status="PASS"/><test-method class="PhoneVerificationPageTest" duration-ms="5118" finished-at="10:18:51 AM" name="verifyPhoneVerificationPageTest" sequence="6" started-at="10:18:46 AM" status="PASS"/><test-method class="PhoneVerificationPageTest" duration-ms="5119" finished-at="10:18:56 AM" name="verifySkipThisForNowLinkTest" sequence="7" started-at="10:18:51 AM" status="PASS"/><test-method class="DashboardPageTest" duration-ms="267" finished-at="10:18:56 AM" name="verifyEMPDashboardPageTest" sequence="8" started-at="10:18:56 AM" status="PASS"/><test-method class="DashboardPageTest" duration-ms="2951" finished-at="10:18:59 AM" name="clickRandomJobnamePostedTest" sequence="9" started-at="10:18:56 AM" status="PASS"/><test-method class="HirePageTest" duration-ms="5692" finished-at="10:19:05 AM" name="verifyQuotesPageTest" sequence="10" started-at="10:18:59 AM" status="PASS"/><test-method class="HirePageTest" duration-ms="518" finished-at="10:19:06 AM" name="clickHireBtnTest" sequence="11" started-at="10:19:05 AM" status="PASS"/><test-method class="HirePageTest" duration-ms="71" finished-at="10:19:06 AM" name="selectAgreementAckCheckboxTest" sequence="12" started-at="10:19:06 AM" status="PASS"/><test-method class="HirePageTest" duration-ms="6381" finished-at="10:19:12 AM" name="clickHireInHirePopupTest" sequence="13" started-at="10:19:06 AM" status="PASS"/><test-method class="HirePageTest" duration-ms="8095" finished-at="10:19:20 AM" name="clickWorkRoomLinkTest" sequence="14" started-at="10:19:12 AM" status="PASS"/><test-method class="WorkroomPageTest" duration-ms="5226" finished-at="10:19:25 AM" name="verifyEMPStatusUpdatesTabTest" sequence="15" started-at="10:19:20 AM" status="PASS"/><test-method class="WorkroomPageTest" duration-ms="3065" finished-at="10:19:28 AM" name="clickFileFoldersEMPTest" sequence="16" started-at="10:19:25 AM" status="PASS"/><test-method class="WorkroomPageTest" duration-ms="844" finished-at="10:19:29 AM" name="verifyFileFoldersTest" sequence="17" started-at="10:19:28 AM" status="PASS"/><test-method class="WorkroomPageTest" duration-ms="405" finished-at="10:19:30 AM" name="clickAddFilesFFTest" sequence="18" started-at="10:19:29 AM" status="PASS"/><test-method class="WorkroomPageTest" duration-ms="80" finished-at="10:19:30 AM" name="clickSelectFilesTest" sequence="19" started-at="10:19:30 AM" status="PASS"/><test-method class="WorkroomPageTest" duration-ms="17701" finished-at="10:19:47 AM" name="uploadFileTest" sequence="20" started-at="10:19:30 AM" status="PASS"><parameters><parameter index="1"><value>C​:​\​T​e​s​t​D​a​t​a​\​i​m​g​1​.​j​p​g​</value></parameter></parameters></test-method><test-method class="WorkroomPageTest" duration-ms="10196" finished-at="10:19:58 AM" name="clickFinishedTest" sequence="21" started-at="10:19:47 AM" status="PASS"/><test-method class="WorkroomPageTest" duration-ms="89" finished-at="10:19:58 AM" name="verifyFileAddedPublicFFTest" sequence="22" started-at="10:19:58 AM" status="PASS"><parameters><parameter index="1"><value>i​m​g​1​.​j​p​g​</value></parameter></parameters></test-method></test><history historystatus="N/A" runtimedate="N/A"/><test duration-ms="4688" failed="0" failed-duration-ms="0" finished-at="16/06/2017 10:20:02 AM" name="4.5 Log out EMP" passed="1" passed-duration-ms="4687" skipped="0" skipped-duration-ms="0" started-at="16/06/2017 10:19:58 AM" status="PASS" total="1"><test-method class="DashboardPageTest" duration-ms="4687" finished-at="10:20:02 AM" name="signOutEmployerTest" sequence="1" started-at="10:19:58 AM" status="PASS"/></test><history historystatus="N/A" runtimedate="N/A"/><test duration-ms="57778" failed="0" failed-duration-ms="0" finished-at="16/06/2017 10:21:00 AM" name="5. Login as FL. Go to workroom and verify the file uploaded by emp is shown in file folders. Go back to status page, and send invoice." passed="21" passed-duration-ms="57767" skipped="0" skipped-duration-ms="0" started-at="16/06/2017 10:20:03 AM" status="PASS" total="21"><test-method class="LoginPageTest" duration-ms="127" finished-at="10:20:03 AM" name="verifyLoginPageTest" sequence="1" started-at="10:20:03 AM" status="PASS"/><test-method class="LoginPageTest" duration-ms="113" finished-at="10:20:03 AM" name="enterEmailOrUsernameTest" sequence="2" started-at="10:20:03 AM" status="PASS"><parameters><parameter index="1"><value>g​u​r​u​f​r​e​e​l​a​n​c​e​r​0​0​1​@​m​a​i​l​i​n​a​t​o​r​.​c​o​m​</value></parameter></parameters></test-method><test-method class="LoginPageTest" duration-ms="88" finished-at="10:20:03 AM" name="enterPasswordTest" sequence="3" started-at="10:20:03 AM" status="PASS"><parameters><parameter index="1"><value>1​2​3​4​5​6​7​8​</value></parameter></parameters></test-method><test-method class="LoginPageTest" duration-ms="4298" finished-at="10:20:07 AM" name="clickSignInButtonTest" sequence="4" started-at="10:20:03 AM" status="PASS"/><test-method class="SecurityQuestionsPageTest" duration-ms="5110" finished-at="10:20:12 AM" name="validateSecurityQuestionsPageTest" sequence="5" started-at="10:20:07 AM" status="PASS"/><test-method class="PhoneVerificationPageTest" duration-ms="5123" finished-at="10:20:17 AM" name="verifyPhoneVerificationPageTest" sequence="6" started-at="10:20:12 AM" status="PASS"/><test-method class="PhoneVerificationPageTest" duration-ms="5108" finished-at="10:20:22 AM" name="verifySkipThisForNowLinkTest" sequence="7" started-at="10:20:17 AM" status="PASS"/><test-method class="DashboardPageTest" duration-ms="226" finished-at="10:20:23 AM" name="verifyFLDashboardPageTest" sequence="8" started-at="10:20:22 AM" status="PASS"/><test-method class="DashboardPageTest" duration-ms="7934" finished-at="10:20:31 AM" name="clickHiredRandomJobFLTest" sequence="9" started-at="10:20:23 AM" status="PASS"/><test-method class="WorkroomPageTest" duration-ms="214" finished-at="10:20:31 AM" name="verifyFLWorkroomPageTest" sequence="10" started-at="10:20:31 AM" status="PASS"/><test-method class="WorkroomPageTest" duration-ms="2670" finished-at="10:20:34 AM" name="clickFileFoldersFLTest" sequence="11" started-at="10:20:31 AM" status="PASS"/><test-method class="WorkroomPageTest" duration-ms="987" finished-at="10:20:35 AM" name="verifyFileAddedPublicFFTest" sequence="12" started-at="10:20:34 AM" status="PASS"><parameters><parameter index="1"><value>i​m​g​1​.​j​p​g​</value></parameter></parameters></test-method><test-method class="WorkroomPageTest" duration-ms="2683" finished-at="10:20:37 AM" name="clickEmployerTabTest" sequence="13" started-at="10:20:35 AM" status="PASS"/><test-method class="WorkroomPageTest" duration-ms="2884" finished-at="10:20:40 AM" name="verifyFLStatusUpdatesTabTest" sequence="14" started-at="10:20:37 AM" status="PASS"/><test-method class="WorkroomPageTest" duration-ms="65" finished-at="10:20:40 AM" name="clickFirstMileSendInvTest" sequence="15" started-at="10:20:40 AM" status="PASS"/><test-method class="InvoicePageTest" duration-ms="8065" finished-at="10:20:48 AM" name="verifyCreateInvoicePageTest" sequence="16" started-at="10:20:40 AM" status="PASS"/><test-method class="InvoicePageTest" duration-ms="23" finished-at="10:20:48 AM" name="copyInvTotalOnCreateInvTest" sequence="17" started-at="10:20:48 AM" status="PASS"/><test-method class="InvoicePageTest" duration-ms="74" finished-at="10:20:48 AM" name="selectKindOfJobTest" sequence="18" started-at="10:20:48 AM" status="PASS"><parameters><parameter index="1"><value>W​e​b​,​ ​S​o​f​t​w​a​r​e​ ​&amp;​ ​I​T​</value></parameter></parameters></test-method><test-method class="InvoicePageTest" duration-ms="2168" finished-at="10:20:50 AM" name="clickPreviewInvoiceTest" sequence="19" started-at="10:20:48 AM" status="PASS"/><test-method class="InvoicePageTest" duration-ms="2060" finished-at="10:20:53 AM" name="clickSendInvoiceTest" sequence="20" started-at="10:20:50 AM" status="PASS"/><test-method class="InvoicePageTest" duration-ms="7747" finished-at="10:21:00 AM" name="verifyInvoicePageTest" sequence="21" started-at="10:20:53 AM" status="PASS"/></test><history historystatus="N/A" runtimedate="N/A"/><test duration-ms="5021" failed="0" failed-duration-ms="0" finished-at="16/06/2017 10:21:05 AM" name="5.5 Log out FL" passed="1" passed-duration-ms="5019" skipped="0" skipped-duration-ms="0" started-at="16/06/2017 10:21:00 AM" status="PASS" total="1"><test-method class="DashboardPageTest" duration-ms="5019" finished-at="10:21:05 AM" name="signOutFlTest" sequence="1" started-at="10:21:00 AM" status="PASS"/></test><history historystatus="N/A" runtimedate="N/A"/><test duration-ms="26176" failed="0" failed-duration-ms="0" finished-at="16/06/2017 10:21:32 AM" name="6. Login as EMP. Go to workroom, and verify outstanding invoice amount" passed="12" passed-duration-ms="26166" skipped="0" skipped-duration-ms="0" started-at="16/06/2017 10:21:05 AM" status="PASS" total="12"><test-method class="LoginPageTest" duration-ms="124" finished-at="10:21:05 AM" name="verifyLoginPageTest" sequence="1" started-at="10:21:05 AM" status="PASS"/><test-method class="LoginPageTest" duration-ms="138" finished-at="10:21:06 AM" name="enterEmailOrUsernameTest" sequence="2" started-at="10:21:05 AM" status="PASS"><parameters><parameter index="1"><value>g​u​r​u​e​m​p​l​o​y​e​r​0​0​1​@​m​a​i​l​i​n​a​t​o​r​.​c​o​m​</value></parameter></parameters></test-method><test-method class="LoginPageTest" duration-ms="91" finished-at="10:21:06 AM" name="enterPasswordTest" sequence="3" started-at="10:21:06 AM" status="PASS"><parameters><parameter index="1"><value>1​2​3​4​5​6​7​8​</value></parameter></parameters></test-method><test-method class="LoginPageTest" duration-ms="6543" finished-at="10:21:12 AM" name="clickSignInButtonTest" sequence="4" started-at="10:21:06 AM" status="PASS"/><test-method class="SecurityQuestionsPageTest" duration-ms="5115" finished-at="10:21:17 AM" name="validateSecurityQuestionsPageTest" sequence="5" started-at="10:21:12 AM" status="PASS"/><test-method class="PhoneVerificationPageTest" duration-ms="5117" finished-at="10:21:22 AM" name="verifyPhoneVerificationPageTest" sequence="6" started-at="10:21:17 AM" status="PASS"/><test-method class="PhoneVerificationPageTest" duration-ms="5102" finished-at="10:21:28 AM" name="verifySkipThisForNowLinkTest" sequence="7" started-at="10:21:22 AM" status="PASS"/><test-method class="DashboardPageTest" duration-ms="248" finished-at="10:21:28 AM" name="verifyEMPDashboardPageTest" sequence="8" started-at="10:21:28 AM" status="PASS"/><test-method class="DashboardPageTest" duration-ms="2871" finished-at="10:21:31 AM" name="clickRandomJobnameWorkroomTest" sequence="9" started-at="10:21:28 AM" status="PASS"/><test-method class="WorkroomPageTest" duration-ms="786" finished-at="10:21:31 AM" name="verifyEMPWorkroomPageTest" sequence="10" started-at="10:21:31 AM" status="PASS"/><test-method class="WorkroomPageTest" duration-ms="30" finished-at="10:21:32 AM" name="getOutstandingInvAmountTest" sequence="11" started-at="10:21:31 AM" status="PASS"/><test-method class="WorkroomPageTest" duration-ms="1" finished-at="10:21:32 AM" name="verifyOutstandingInvAmountTest" sequence="12" started-at="10:21:32 AM" status="PASS"><parameters><parameter index="1"><value>2​.​5​</value></parameter></parameters></test-method></test><history historystatus="N/A" runtimedate="N/A"/></suite></test-run-result>